Change Component Designator: OldDesignator=*_U_Gagabiro_power_supply_maida1 NewDesignator=*A
Change Component Designator: OldDesignator=*_U_Gagabiro_power_supply_maida2 NewDesignator=*B
Change Component Designator: OldDesignator=C1_U_Gagabiro_power_supply_maida1 NewDesignator=C1A
Change Component Designator: OldDesignator=C1_U_Gagabiro_power_supply_maida2 NewDesignator=C1B
Change Component Designator: OldDesignator=C2_U_Gagabiro_power_supply_maida1 NewDesignator=C2A
Change Component Designator: OldDesignator=C2_U_Gagabiro_power_supply_maida2 NewDesignator=C2B
Change Component Designator: OldDesignator=C3_U_Gagabiro_power_supply_maida1 NewDesignator=C3A
Change Component Designator: OldDesignator=C3_U_Gagabiro_power_supply_maida2 NewDesignator=C3B
Change Component Designator: OldDesignator=C4_U_Gagabiro_power_supply_maida1 NewDesignator=C4A
Change Component Designator: OldDesignator=C4_U_Gagabiro_power_supply_maida2 NewDesignator=C4B
Change Component Designator: OldDesignator=D1_U_Gagabiro_power_supply_maida1 NewDesignator=D1A
Change Component Designator: OldDesignator=D1_U_Gagabiro_power_supply_maida2 NewDesignator=D1B
Change Component Designator: OldDesignator=D2_U_Gagabiro_power_supply_maida1 NewDesignator=D2A
Change Component Designator: OldDesignator=D2_U_Gagabiro_power_supply_maida2 NewDesignator=D2B
Change Component Designator: OldDesignator=Q1_U_Gagabiro_power_supply_maida1 NewDesignator=Q1A
Change Component Designator: OldDesignator=Q1_U_Gagabiro_power_supply_maida2 NewDesignator=Q1B
Change Component Designator: OldDesignator=Q2_U_Gagabiro_power_supply_maida1 NewDesignator=Q2A
Change Component Designator: OldDesignator=Q2_U_Gagabiro_power_supply_maida2 NewDesignator=Q2B
Change Component Designator: OldDesignator=R1_U_Gagabiro_power_supply_maida1 NewDesignator=R1A
Change Component Designator: OldDesignator=R1_U_Gagabiro_power_supply_maida2 NewDesignator=R1B
Change Component Designator: OldDesignator=R2_U_Gagabiro_power_supply_maida1 NewDesignator=R2A
Change Component Designator: OldDesignator=R2_U_Gagabiro_power_supply_maida2 NewDesignator=R2B
Change Component Designator: OldDesignator=R3_U_Gagabiro_power_supply_maida1 NewDesignator=R3A
Change Component Designator: OldDesignator=R3_U_Gagabiro_power_supply_maida2 NewDesignator=R3B
Change Component Designator: OldDesignator=R4_U_Gagabiro_power_supply_maida1 NewDesignator=R4A
Change Component Designator: OldDesignator=R4_U_Gagabiro_power_supply_maida2 NewDesignator=R4B
Change Component Designator: OldDesignator=R5_U_Gagabiro_power_supply_maida1 NewDesignator=R5A
Change Component Designator: OldDesignator=R5_U_Gagabiro_power_supply_maida2 NewDesignator=R5B
Change Component Designator: OldDesignator=R6_U_Gagabiro_power_supply_maida1 NewDesignator=R6A
Change Component Designator: OldDesignator=R6_U_Gagabiro_power_supply_maida2 NewDesignator=R6B
Change Component Designator: OldDesignator=R7_U_Gagabiro_power_supply_maida1 NewDesignator=R7A
Change Component Designator: OldDesignator=R7_U_Gagabiro_power_supply_maida2 NewDesignator=R7B
Change Component Designator: OldDesignator=R8_U_Gagabiro_power_supply_maida1 NewDesignator=R8A
Change Component Designator: OldDesignator=R8_U_Gagabiro_power_supply_maida2 NewDesignator=R8B
Change Component Designator: OldDesignator=R9_U_Gagabiro_power_supply_maida1 NewDesignator=R9A
Change Component Designator: OldDesignator=R9_U_Gagabiro_power_supply_maida2 NewDesignator=R9B
Change Component Designator: OldDesignator=R10_U_Gagabiro_power_supply_maida1 NewDesignator=R10A
Change Component Designator: OldDesignator=R10_U_Gagabiro_power_supply_maida2 NewDesignator=R10B
Change Component Designator: OldDesignator=R11_U_Gagabiro_power_supply_maida1 NewDesignator=R11A
Change Component Designator: OldDesignator=R11_U_Gagabiro_power_supply_maida2 NewDesignator=R11B
Change Component Designator: OldDesignator=R12_U_Gagabiro_power_supply_maida1 NewDesignator=R12A
Change Component Designator: OldDesignator=R12_U_Gagabiro_power_supply_maida2 NewDesignator=R12B
Change Component Designator: OldDesignator=R13_U_Gagabiro_power_supply_maida1 NewDesignator=R13A
Change Component Designator: OldDesignator=R13_U_Gagabiro_power_supply_maida2 NewDesignator=R13B
Change Component Designator: OldDesignator=VR1_U_Gagabiro_power_supply_maida1 NewDesignator=VR1A
Change Component Designator: OldDesignator=VR1_U_Gagabiro_power_supply_maida2 NewDesignator=VR1B
Change Net Name : Old Net Name=MAIDA_IN_U_Gagabiro_power_supply_maida1 New Net Name=MAIDA_INA
Change Net Name : Old Net Name=MAIDA_IN_U_Gagabiro_power_supply_maida2 New Net Name=MAIDA_INB
Change Net Name : Old Net Name=MAIDA_OUT_U_Gagabiro_power_supply_maida1 New Net Name=MAIDA_OUTA
Change Net Name : Old Net Name=MAIDA_OUT_U_Gagabiro_power_supply_maida2 New Net Name=MAIDA_OUTB
Change Net Name : Old Net Name=Net*_U_Gagabiro_power_supply_maida1_2 New Net Name=Net*A_2
Change Net Name : Old Net Name=Net*_U_Gagabiro_power_supply_maida1_3 New Net Name=Net*A_3
Change Net Name : Old Net Name=Net*_U_Gagabiro_power_supply_maida2_2 New Net Name=Net*B_2
Change Net Name : Old Net Name=Net*_U_Gagabiro_power_supply_maida2_3 New Net Name=Net*B_3
Change Net Name : Old Net Name=NetC1_U_Gagabiro_power_supply_maida1_2 New Net Name=NetC1A_2
Change Net Name : Old Net Name=NetC1_U_Gagabiro_power_supply_maida2_2 New Net Name=NetC1B_2
Change Net Name : Old Net Name=NetC2_U_Gagabiro_power_supply_maida1_2 New Net Name=NetC2A_2
Change Net Name : Old Net Name=NetC2_U_Gagabiro_power_supply_maida2_2 New Net Name=NetC2B_2
Change Net Name : Old Net Name=NetD1_U_Gagabiro_power_supply_maida1_1 New Net Name=NetD1A_1
Change Net Name : Old Net Name=NetD1_U_Gagabiro_power_supply_maida2_1 New Net Name=NetD1B_1
Change Net Name : Old Net Name=NetQ1_U_Gagabiro_power_supply_maida1_3 New Net Name=NetQ1A_3
Change Net Name : Old Net Name=NetQ1_U_Gagabiro_power_supply_maida2_3 New Net Name=NetQ1B_3
Change Net Name : Old Net Name=NetQ2_U_Gagabiro_power_supply_maida1_3 New Net Name=NetQ2A_3
Change Net Name : Old Net Name=NetQ2_U_Gagabiro_power_supply_maida2_3 New Net Name=NetQ2B_3
Change Net Name : Old Net Name=NetR3_U_Gagabiro_power_supply_maida1_1 New Net Name=NetR3A_1
Change Net Name : Old Net Name=NetR3_U_Gagabiro_power_supply_maida2_1 New Net Name=NetR3B_1
Change Net Name : Old Net Name=NetR8_U_Gagabiro_power_supply_maida1_1 New Net Name=NetR8A_1
Change Net Name : Old Net Name=NetR8_U_Gagabiro_power_supply_maida2_1 New Net Name=NetR8B_1
