Added Component: Designator=Q2(TO254P1009X445X1985-3_heatsink)
Add component (AddParameter): Name = "Availability"; Value = "In Stock"; VariantName = "[No Variations]"
Add component (AddParameter): Name = "Check_prices"; Value = "https://www.snapeda.com/parts/TIP50/Onsemi/view-part/?ref=eda"; VariantName = "[No Variations]"
Add component (AddParameter): Name = "MF"; Value = "ON Semiconductor"; VariantName = "[No Variations]"
Add component (AddParameter): Name = "MP"; Value = "TIP50"; VariantName = "[No Variations]"
Add component (AddParameter): Name = "Package"; Value = "TO-220-3 onsemi"; VariantName = "[No Variations]"
Add component (AddParameter): Name = "Price"; Value = "None"; VariantName = "[No Variations]"
Add component (AddParameter): Name = "Purchase-URL"; Value = "https://pricing.snapeda.com/search/part/TIP50/?ref=eda"; VariantName = "[No Variations]"
Add component (AddParameter): Name = "SnapEDA_Link"; Value = "https://www.snapeda.com/parts/TIP50/Onsemi/view-part/?ref=snap"; VariantName = "[No Variations]"
Add component (AddParameter): Name = "Value"; Value = ""; VariantName = "[No Variations]"
Added Component: Designator=Q4(TO254P1009X445X1985-3_heatsink)
Add component (AddParameter): Name = "Availability"; Value = "In Stock"; VariantName = "[No Variations]"
Add component (AddParameter): Name = "Check_prices"; Value = "https://www.snapeda.com/parts/TIP50/Onsemi/view-part/?ref=eda"; VariantName = "[No Variations]"
Add component (AddParameter): Name = "MF"; Value = "ON Semiconductor"; VariantName = "[No Variations]"
Add component (AddParameter): Name = "MP"; Value = "TIP50"; VariantName = "[No Variations]"
Add component (AddParameter): Name = "Package"; Value = "TO-220-3 onsemi"; VariantName = "[No Variations]"
Add component (AddParameter): Name = "Price"; Value = "None"; VariantName = "[No Variations]"
Add component (AddParameter): Name = "Purchase-URL"; Value = "https://pricing.snapeda.com/search/part/TIP50/?ref=eda"; VariantName = "[No Variations]"
Add component (AddParameter): Name = "SnapEDA_Link"; Value = "https://www.snapeda.com/parts/TIP50/Onsemi/view-part/?ref=snap"; VariantName = "[No Variations]"
Add component (AddParameter): Name = "Value"; Value = ""; VariantName = "[No Variations]"
Added Component: Designator=TP1A(test_point_1.5mm)
Added Component: Designator=TP1B(test_point_1.5mm)
Added Component: Designator=TP2A(test_point_1.5mm)
Added Component: Designator=TP2B(test_point_1.5mm)
Added Component: Designator=TP3A(test_point_1.5mm)
Added Component: Designator=TP3B(test_point_1.5mm)
Added Component: Designator=TP4A(test_point_1.5mm)
Added Component: Designator=TP4B(test_point_1.5mm)
Added Pin To Net: NetName=NetQ1_3 Pin=Q2-1
Added Pin To Net: NetName=MAIDA_IN Pin=Q2-2
Added Pin To Net: NetName=NetQ2_3 Pin=Q2-3
Added Pin To Net: NetName=NetQ3_3 Pin=Q4-1
Added Pin To Net: NetName=MAIDA_IN Pin=Q4-2
Added Pin To Net: NetName=NetQ4_3 Pin=Q4-3
Added Pin To Net: NetName=NetC12A_2 Pin=TP1A-1
Added Pin To Net: NetName=NetC12B_2 Pin=TP1B-1
Added Pin To Net: NetName=NetC14A_2 Pin=TP2A-1
Added Pin To Net: NetName=NetC14B_2 Pin=TP2B-1
Added Pin To Net: NetName=NetQ5A_3 Pin=TP3A-1
Added Pin To Net: NetName=NetQ5B_3 Pin=TP3B-1
Added Pin To Net: NetName=NetQ5A_1 Pin=TP4A-1
Added Pin To Net: NetName=NetQ5B_1 Pin=TP4B-1
Added Member To Class: ClassName=U_Gagabiro_power_supply Member=Component Q2 TIP50_heatsink
Added Member To Class: ClassName=U_Gagabiro_power_supply Member=Component Q4 TIP50_heatsink
Added Member To Class: ClassName=U_Gagabiro_main1 Member=Component TP1A (TP1) TP_1.5mm
Added Member To Class: ClassName=U_Gagabiro_main2 Member=Component TP1B (TP1) TP_1.5mm
Added Member To Class: ClassName=U_Gagabiro_main1 Member=Component TP2A (TP2) TP_1.5mm
Added Member To Class: ClassName=U_Gagabiro_main2 Member=Component TP2B (TP2) TP_1.5mm
Added Member To Class: ClassName=U_Gagabiro_main1 Member=Component TP3A (TP3) TP_1.5mm
Added Member To Class: ClassName=U_Gagabiro_main2 Member=Component TP3B (TP3) TP_1.5mm
Added Member To Class: ClassName=U_Gagabiro_main1 Member=Component TP4A (TP4) TP_1.5mm
Added Member To Class: ClassName=U_Gagabiro_main2 Member=Component TP4B (TP4) TP_1.5mm
