Change Component Designator: OldDesignator=* NewDesignator=*B
Change Component Designator: OldDesignator=*B NewDesignator=*A
Change Component Designator: OldDesignator=C1 NewDesignator=C1B
Change Component Designator: OldDesignator=C1B NewDesignator=C1A
Change Component Designator: OldDesignator=C2 NewDesignator=C2B
Change Component Designator: OldDesignator=C2B NewDesignator=C2A
Change Component Designator: OldDesignator=C3 NewDesignator=C3B
Change Component Designator: OldDesignator=C3B NewDesignator=C3A
Change Component Designator: OldDesignator=C4 NewDesignator=C4B
Change Component Designator: OldDesignator=C4B NewDesignator=C4A
Change Component Designator: OldDesignator=D1 NewDesignator=D1B
Change Component Designator: OldDesignator=D1B NewDesignator=D1A
Change Component Designator: OldDesignator=D2 NewDesignator=D2B
Change Component Designator: OldDesignator=D2B NewDesignator=D2A
Change Component Designator: OldDesignator=Q1 NewDesignator=Q1B
Change Component Designator: OldDesignator=Q1B NewDesignator=Q1A
Change Component Designator: OldDesignator=Q2 NewDesignator=Q2B
Change Component Designator: OldDesignator=Q2B NewDesignator=Q2A
Change Component Designator: OldDesignator=R1 NewDesignator=R1B
Change Component Designator: OldDesignator=R1B NewDesignator=R1A
Change Component Designator: OldDesignator=R2 NewDesignator=R2B
Change Component Designator: OldDesignator=R2B NewDesignator=R2A
Change Component Designator: OldDesignator=R3 NewDesignator=R3B
Change Component Designator: OldDesignator=R3B NewDesignator=R3A
Change Component Designator: OldDesignator=R4 NewDesignator=R4B
Change Component Designator: OldDesignator=R4B NewDesignator=R4A
Change Component Designator: OldDesignator=R5 NewDesignator=R5B
Change Component Designator: OldDesignator=R5B NewDesignator=R5A
Change Component Designator: OldDesignator=R6 NewDesignator=R6B
Change Component Designator: OldDesignator=R6B NewDesignator=R6A
Change Component Designator: OldDesignator=R7 NewDesignator=R7B
Change Component Designator: OldDesignator=R7B NewDesignator=R7A
Change Component Designator: OldDesignator=R8 NewDesignator=R8B
Change Component Designator: OldDesignator=R8B NewDesignator=R8A
Change Component Designator: OldDesignator=R9 NewDesignator=R9B
Change Component Designator: OldDesignator=R9B NewDesignator=R9A
Change Component Designator: OldDesignator=R10 NewDesignator=R10B
Change Component Designator: OldDesignator=R10B NewDesignator=R10A
Change Component Designator: OldDesignator=R11 NewDesignator=R11B
Change Component Designator: OldDesignator=R11B NewDesignator=R11A
Change Component Designator: OldDesignator=R12 NewDesignator=R12B
Change Component Designator: OldDesignator=R12B NewDesignator=R12A
Change Component Designator: OldDesignator=R13 NewDesignator=R13B
Change Component Designator: OldDesignator=R13B NewDesignator=R13A
Change Component Designator: OldDesignator=VR1 NewDesignator=VR1B
Change Component Designator: OldDesignator=VR1B NewDesignator=VR1A
Added Rule: Name=MaxMinWidth_1
