Removed Member From Class: ClassName=U_Gagabiro_power_supply_maida2 Member=*A
Removed Member From Class: ClassName=U_Gagabiro_power_supply_maida1 Member=C1B
Removed Member From Class: ClassName=U_Gagabiro_power_supply_maida1 Member=C2B
Removed Member From Class: ClassName=U_Gagabiro_power_supply_maida1 Member=C3B
Removed Member From Class: ClassName=U_Gagabiro_power_supply_maida1 Member=C4B
Removed Member From Class: ClassName=U_Gagabiro_power_supply_maida1 Member=D1B
Removed Member From Class: ClassName=U_Gagabiro_power_supply_maida1 Member=D2B
Removed Member From Class: ClassName=U_Gagabiro_power_supply_maida1 Member=Q1B
Removed Member From Class: ClassName=U_Gagabiro_power_supply_maida1 Member=Q2B
Removed Member From Class: ClassName=U_Gagabiro_power_supply_maida1 Member=R1B
Removed Member From Class: ClassName=U_Gagabiro_power_supply_maida1 Member=R2B
Removed Member From Class: ClassName=U_Gagabiro_power_supply_maida1 Member=R3B
Removed Member From Class: ClassName=U_Gagabiro_power_supply_maida1 Member=R4B
Removed Member From Class: ClassName=U_Gagabiro_power_supply_maida1 Member=R5B
Removed Member From Class: ClassName=U_Gagabiro_power_supply_maida1 Member=R6B
Removed Member From Class: ClassName=U_Gagabiro_power_supply_maida1 Member=R7B
Removed Member From Class: ClassName=U_Gagabiro_power_supply_maida1 Member=R8B
Removed Member From Class: ClassName=U_Gagabiro_power_supply_maida1 Member=R9B
Removed Member From Class: ClassName=U_Gagabiro_power_supply_maida1 Member=R10B
Removed Member From Class: ClassName=U_Gagabiro_power_supply_maida1 Member=R11B
Removed Member From Class: ClassName=U_Gagabiro_power_supply_maida1 Member=R12B
Removed Member From Class: ClassName=U_Gagabiro_power_supply_maida1 Member=R13B
Removed Member From Class: ClassName=U_Gagabiro_power_supply_maida1 Member=VR1B
Added Pin To Net: NetName=GND Pin=C1A-1
Added Pin To Net: NetName=GND Pin=C1B-1
Change Net Name : Old Net Name=MAIDA_IN New Net Name=MAIDA_INA
Change Net Name : Old Net Name=MAIDA_OUT New Net Name=MAIDA_OUTA
Added Member To Class: ClassName=U_Gagabiro_power_supply_maida2 Member=Component *B (*) LM329
Added Member To Class: ClassName=U_Gagabiro_power_supply_maida1 Member=Component C1A (C1) 1uF
Added Member To Class: ClassName=U_Gagabiro_power_supply_maida1 Member=Component C2A (C2) 1uF
Added Member To Class: ClassName=U_Gagabiro_power_supply_maida1 Member=Component C3A (C3) 1uF
Added Member To Class: ClassName=U_Gagabiro_power_supply_maida1 Member=Component C4A (C4) 1uF
Added Member To Class: ClassName=U_Gagabiro_power_supply_maida1 Member=Component D1A (D1) 1N4735A
Added Member To Class: ClassName=U_Gagabiro_power_supply_maida1 Member=Component D2A (D2) 1N4001G
Added Member To Class: ClassName=U_Gagabiro_power_supply_maida1 Member=Component Q1A (Q1) TIP50
Added Member To Class: ClassName=U_Gagabiro_power_supply_maida1 Member=Component Q2A (Q2) TIP50_heatsink
Added Member To Class: ClassName=U_Gagabiro_power_supply_maida1 Member=Component R1A (R1) 100K
Added Member To Class: ClassName=U_Gagabiro_power_supply_maida1 Member=Component R2A (R2) 1k
Added Member To Class: ClassName=U_Gagabiro_power_supply_maida1 Member=Component R3A (R3) 10R
Added Member To Class: ClassName=U_Gagabiro_power_supply_maida1 Member=Component R4A (R4) 1K5
Added Member To Class: ClassName=U_Gagabiro_power_supply_maida1 Member=Component R5A (R5) 1k
Added Member To Class: ClassName=U_Gagabiro_power_supply_maida1 Member=Component R6A (R6) 2R7
Added Member To Class: ClassName=U_Gagabiro_power_supply_maida1 Member=Component R7A (R7) 100R
Added Member To Class: ClassName=U_Gagabiro_power_supply_maida1 Member=Component R8A (R8) 36K
Added Member To Class: ClassName=U_Gagabiro_power_supply_maida1 Member=Component R9A (R9) 36K
Added Member To Class: ClassName=U_Gagabiro_power_supply_maida1 Member=Component R10A (R10) NC
Added Member To Class: ClassName=U_Gagabiro_power_supply_maida1 Member=Component R11A (R11) NC
Added Member To Class: ClassName=U_Gagabiro_power_supply_maida1 Member=Component R12A (R12) 36K
Added Member To Class: ClassName=U_Gagabiro_power_supply_maida1 Member=Component R13A (R13) 36K
Added Member To Class: ClassName=U_Gagabiro_power_supply_maida1 Member=Component VR1A (VR1) LM317AMDT/NOPB
