Removed Pin From Net: NetName=NetC10A_1 Pin=V1A-1
Removed Pin From Net: NetName=NetC10A_1 Pin=V1A-1
Removed Pin From Net: NetName=NetC10A_1 Pin=V1A-1
Removed Pin From Net: NetName=NetR33A_2 Pin=V1A-2
Removed Pin From Net: NetName=NetRV3A_3 Pin=V1A-3
Removed Pin From Net: NetName=NetC10B_1 Pin=V1B-1
Removed Pin From Net: NetName=NetC10B_1 Pin=V1B-1
Removed Pin From Net: NetName=NetC10B_1 Pin=V1B-1
Removed Pin From Net: NetName=NetR33B_2 Pin=V1B-2
Removed Pin From Net: NetName=NetRV3B_3 Pin=V1B-3
Removed Pin From Net: NetName=NetR31A_1 Pin=V2A-1
Removed Pin From Net: NetName=NetR31A_1 Pin=V2A-1
Removed Pin From Net: NetName=NetR31A_1 Pin=V2A-1
Removed Pin From Net: NetName=NetR42A_2 Pin=V2A-2
Removed Pin From Net: NetName=NetC15A_P Pin=V2A-3
Removed Pin From Net: NetName=NetR31B_1 Pin=V2B-1
Removed Pin From Net: NetName=NetR31B_1 Pin=V2B-1
Removed Pin From Net: NetName=NetR31B_1 Pin=V2B-1
Removed Pin From Net: NetName=NetR42B_2 Pin=V2B-2
Removed Pin From Net: NetName=NetC15B_P Pin=V2B-3
Change Footprint: Cannot match pads with new footprint in component :V1A Footprint:12A_7
Change Footprint: Cannot match pads with new footprint in component :V1B Footprint:12A_7
Change Footprint: Cannot match pads with new footprint in component :V2A Footprint:12A_7
Change Footprint: Cannot match pads with new footprint in component :V2B Footprint:12A_7
Added Pin To Net: NetName=NetR31A_1 Pin=V1A-1
Added Pin To Net: NetName=NetR31A_1 Pin=V1A-1
Added Pin To Net: NetName=NetR31A_1 Pin=V1A-1
Added Pin To Net: NetName=NetR42A_2 Pin=V1A-2
Added Pin To Net: NetName=NetC15A_P Pin=V1A-3
Added Pin To Net: NetName=NetR31B_1 Pin=V1B-1
Added Pin To Net: NetName=NetR31B_1 Pin=V1B-1
Added Pin To Net: NetName=NetR31B_1 Pin=V1B-1
Added Pin To Net: NetName=NetR42B_2 Pin=V1B-2
Added Pin To Net: NetName=NetC15B_P Pin=V1B-3
Added Pin To Net: NetName=NetC10A_1 Pin=V2A-1
Added Pin To Net: NetName=NetC10A_1 Pin=V2A-1
Added Pin To Net: NetName=NetC10A_1 Pin=V2A-1
Added Pin To Net: NetName=NetR33A_2 Pin=V2A-2
Added Pin To Net: NetName=NetRV3A_3 Pin=V2A-3
Added Pin To Net: NetName=NetC10B_1 Pin=V2B-1
Added Pin To Net: NetName=NetC10B_1 Pin=V2B-1
Added Pin To Net: NetName=NetC10B_1 Pin=V2B-1
Added Pin To Net: NetName=NetR33B_2 Pin=V2B-2
Added Pin To Net: NetName=NetRV3B_3 Pin=V2B-3
Change Rule Name: Old Name=Width New Name=MaxMinWidth_1
Change object: Duplicates not allowed
