Replace Part C10 CAP_POLY_100n in C:\Users\Public\Documents\Altium\Gagabiro\Gagabiro\Gagabiro_main.SchDoc with CAP_POLY_100n from Persephone_Integrated_Library.IntLib
Replace Part C11 CAP_POLY_100n in C:\Users\Public\Documents\Altium\Gagabiro\Gagabiro\Gagabiro_main.SchDoc with CAP_POLY_100n from Persephone_Integrated_Library.IntLib
Replace Part C12 CAP_POLY_100n in C:\Users\Public\Documents\Altium\Gagabiro\Gagabiro\Gagabiro_main.SchDoc with CAP_POLY_100n from Persephone_Integrated_Library.IntLib
Replace Part C13 CAP_POLY_1u in C:\Users\Public\Documents\Altium\Gagabiro\Gagabiro\Gagabiro_main.SchDoc with CAP_POLY_1u from Persephone_Integrated_Library.IntLib
Replace Part C14 CAP_POLY_100n in C:\Users\Public\Documents\Altium\Gagabiro\Gagabiro\Gagabiro_main.SchDoc with CAP_POLY_100n from Persephone_Integrated_Library.IntLib
Replace Part C15 CAP_EL_220u_stand in C:\Users\Public\Documents\Altium\Gagabiro\Gagabiro\Gagabiro_main.SchDoc with CAP_EL_220u_stand from Persephone_Integrated_Library.IntLib
Replace Part C16 CAP_POLY_100n in C:\Users\Public\Documents\Altium\Gagabiro\Gagabiro\Gagabiro_main.SchDoc with CAP_POLY_100n from Persephone_Integrated_Library.IntLib
Replace Part C17 CAP_POLY_100n in C:\Users\Public\Documents\Altium\Gagabiro\Gagabiro\Gagabiro_main.SchDoc with CAP_POLY_100n from Persephone_Integrated_Library.IntLib
Replace Part Q5 MJE340* in C:\Users\Public\Documents\Altium\Gagabiro\Gagabiro\Gagabiro_main.SchDoc with MJE340* from Persephone_Integrated_Library.IntLib
Replace Part R27 R_2W_vertical_22k in C:\Users\Public\Documents\Altium\Gagabiro\Gagabiro\Gagabiro_main.SchDoc with R_2W_vertical_22k from Gagabiro_Integrated_Library.IntLib
Replace Part R28 R_2W_vertical_1k in C:\Users\Public\Documents\Altium\Gagabiro\Gagabiro\Gagabiro_main.SchDoc with R_2W_vertical_1k from Gagabiro_Integrated_Library.IntLib
Replace Part R29 R_2W_vertical_22k in C:\Users\Public\Documents\Altium\Gagabiro\Gagabiro\Gagabiro_main.SchDoc with R_2W_vertical_22k from Gagabiro_Integrated_Library.IntLib
Replace Part R30 R_2W_vertical_220k in C:\Users\Public\Documents\Altium\Gagabiro\Gagabiro\Gagabiro_main.SchDoc with R_2W_vertical_220k from Gagabiro_Integrated_Library.IntLib
Replace Part R31 R_2W_vertical_1k in C:\Users\Public\Documents\Altium\Gagabiro\Gagabiro\Gagabiro_main.SchDoc with R_2W_vertical_1k from Gagabiro_Integrated_Library.IntLib
Replace Part R32 R_2W_vertical_220k in C:\Users\Public\Documents\Altium\Gagabiro\Gagabiro\Gagabiro_main.SchDoc with R_2W_vertical_220k from Gagabiro_Integrated_Library.IntLib
Replace Part R33 R_2W_vertical_1k in C:\Users\Public\Documents\Altium\Gagabiro\Gagabiro\Gagabiro_main.SchDoc with R_2W_vertical_1k from Gagabiro_Integrated_Library.IntLib
Replace Part R34 R_2W_vertical_1k in C:\Users\Public\Documents\Altium\Gagabiro\Gagabiro\Gagabiro_main.SchDoc with R_2W_vertical_1k from Gagabiro_Integrated_Library.IntLib
Replace Part R35 R_2W_vertical_1k in C:\Users\Public\Documents\Altium\Gagabiro\Gagabiro\Gagabiro_main.SchDoc with R_2W_vertical_1k from Gagabiro_Integrated_Library.IntLib
Replace Part R36 R_2W_vertical_820R in C:\Users\Public\Documents\Altium\Gagabiro\Gagabiro\Gagabiro_main.SchDoc with R_2W_vertical_820R from Gagabiro_Integrated_Library.IntLib
Replace Part R37 R_2W_vertical_220k in C:\Users\Public\Documents\Altium\Gagabiro\Gagabiro\Gagabiro_main.SchDoc with R_2W_vertical_220k from Gagabiro_Integrated_Library.IntLib
Replace Part R38 R_2W_vertical_82k in C:\Users\Public\Documents\Altium\Gagabiro\Gagabiro\Gagabiro_main.SchDoc with R_2W_vertical_82k from Gagabiro_Integrated_Library.IntLib
Replace Part R39 R_2W_vertical_10k in C:\Users\Public\Documents\Altium\Gagabiro\Gagabiro\Gagabiro_main.SchDoc with R_2W_vertical_10k from Gagabiro_Integrated_Library.IntLib
Replace Part R40 R_2W_vertical_47R in C:\Users\Public\Documents\Altium\Gagabiro\Gagabiro\Gagabiro_main.SchDoc with R_2W_vertical_47R from Gagabiro_Integrated_Library.IntLib
Replace Part R41 R_2W_vertical_150K in C:\Users\Public\Documents\Altium\Gagabiro\Gagabiro\Gagabiro_main.SchDoc with R_2W_vertical_150K from Gagabiro_Integrated_Library.IntLib
Replace Part R42 R_2W_vertical_1k in C:\Users\Public\Documents\Altium\Gagabiro\Gagabiro\Gagabiro_main.SchDoc with R_2W_vertical_1k from Gagabiro_Integrated_Library.IntLib
Replace Part R43 R_2W_vertical_1M in C:\Users\Public\Documents\Altium\Gagabiro\Gagabiro\Gagabiro_main.SchDoc with R_2W_vertical_1M from Gagabiro_Integrated_Library.IntLib
Replace Part R44 R_2W_vertical_820R in C:\Users\Public\Documents\Altium\Gagabiro\Gagabiro\Gagabiro_main.SchDoc with R_2W_vertical_820R from Gagabiro_Integrated_Library.IntLib
Replace Part R49 R_2W_vertical_1R in C:\Users\Public\Documents\Altium\Gagabiro\Gagabiro\Gagabiro_main.SchDoc with R_2W_vertical_1R from Gagabiro_Integrated_Library.IntLib
Replace Part R50 R_2W_vertical_1R in C:\Users\Public\Documents\Altium\Gagabiro\Gagabiro\Gagabiro_main.SchDoc with R_2W_vertical_1R from Gagabiro_Integrated_Library.IntLib
Replace Part RV2 TRIMMER_10k in C:\Users\Public\Documents\Altium\Gagabiro\Gagabiro\Gagabiro_main.SchDoc with TRIMMER_10k from Persephone_Integrated_Library.IntLib
Replace Part RV3 TRIMMER_1k in C:\Users\Public\Documents\Altium\Gagabiro\Gagabiro\Gagabiro_main.SchDoc with TRIMMER_1k from Persephone_Integrated_Library.IntLib
Replace Part TP1 TP_1.5mm in C:\Users\Public\Documents\Altium\Gagabiro\Gagabiro\Gagabiro_main.SchDoc with TP_1.5mm from Gagabiro_Integrated_Library.IntLib
Replace Part TP3 TP_1.5mm in C:\Users\Public\Documents\Altium\Gagabiro\Gagabiro\Gagabiro_main.SchDoc with TP_1.5mm from Gagabiro_Integrated_Library.IntLib
Replace Part TP4 TP_1.5mm in C:\Users\Public\Documents\Altium\Gagabiro\Gagabiro\Gagabiro_main.SchDoc with TP_1.5mm from Gagabiro_Integrated_Library.IntLib
Replace Part TP9 TP_1.5mm in C:\Users\Public\Documents\Altium\Gagabiro\Gagabiro\Gagabiro_main.SchDoc with TP_1.5mm from Gagabiro_Integrated_Library.IntLib
Replace Part TP10 TP_1.5mm in C:\Users\Public\Documents\Altium\Gagabiro\Gagabiro\Gagabiro_main.SchDoc with TP_1.5mm from Gagabiro_Integrated_Library.IntLib
Replace Part TP11 TP_1.5mm in C:\Users\Public\Documents\Altium\Gagabiro\Gagabiro\Gagabiro_main.SchDoc with TP_1.5mm from Gagabiro_Integrated_Library.IntLib
Replace Part TP12 TP_1.5mm in C:\Users\Public\Documents\Altium\Gagabiro\Gagabiro\Gagabiro_main.SchDoc with TP_1.5mm from Gagabiro_Integrated_Library.IntLib
Replace Part U1 EL84 in C:\Users\Public\Documents\Altium\Gagabiro\Gagabiro\Gagabiro_main.SchDoc with EL84 from Gagabiro_Integrated_Library.IntLib
Replace Part U1 EL84 in C:\Users\Public\Documents\Altium\Gagabiro\Gagabiro\Gagabiro_main.SchDoc with EL84 from Gagabiro_Integrated_Library.IntLib
Replace Part U2 EL84 in C:\Users\Public\Documents\Altium\Gagabiro\Gagabiro\Gagabiro_main.SchDoc with EL84 from Gagabiro_Integrated_Library.IntLib
Replace Part U2 EL84 in C:\Users\Public\Documents\Altium\Gagabiro\Gagabiro\Gagabiro_main.SchDoc with EL84 from Gagabiro_Integrated_Library.IntLib
