Removed Pin From Net: NetName=6V3+ Pin=U1A-2
Removed Pin From Net: NetName=A11 Pin=U1A-3
Removed Pin From Net: NetName=S11 Pin=U1A-4
Removed Pin From Net: NetName=NetR28A_2 Pin=U1A-5
Removed Pin From Net: NetName=6V3- Pin=U1A-7
Removed Pin From Net: NetName=NetR49A_1 Pin=U1A-8
Removed Pin From Net: NetName=6V3+ Pin=U1B-2
Removed Pin From Net: NetName=A12 Pin=U1B-3
Removed Pin From Net: NetName=S12 Pin=U1B-4
Removed Pin From Net: NetName=NetR28B_2 Pin=U1B-5
Removed Pin From Net: NetName=6V3- Pin=U1B-7
Removed Pin From Net: NetName=NetR49B_1 Pin=U1B-8
Removed Pin From Net: NetName=6V3+ Pin=U2A-2
Removed Pin From Net: NetName=A21 Pin=U2A-3
Removed Pin From Net: NetName=S21 Pin=U2A-4
Removed Pin From Net: NetName=NetR35A_2 Pin=U2A-5
Removed Pin From Net: NetName=6V3- Pin=U2A-7
Removed Pin From Net: NetName=NetR50A_1 Pin=U2A-8
Removed Pin From Net: NetName=6V3+ Pin=U2B-2
Removed Pin From Net: NetName=A22 Pin=U2B-3
Removed Pin From Net: NetName=S22 Pin=U2B-4
Removed Pin From Net: NetName=NetR35B_2 Pin=U2B-5
Removed Pin From Net: NetName=6V3- Pin=U2B-7
Removed Pin From Net: NetName=NetR50B_1 Pin=U2B-8
Change Component Footprint: Designator=U1A Old Footprint=VALVE-OCTAL New Footprint=NOVAL_PCB
Change Component Footprint: Designator=U1B Old Footprint=VALVE-OCTAL New Footprint=NOVAL_PCB
Change Component Footprint: Designator=U2A Old Footprint=VALVE-OCTAL New Footprint=NOVAL_PCB
Change Component Footprint: Designator=U2B Old Footprint=VALVE-OCTAL New Footprint=NOVAL_PCB
Change Component Comment : Designator=U1A Old Comment=6L6GC New Comment=EL84
Change Component Comment : Designator=U1B Old Comment=6L6GC New Comment=EL84
Change Component Comment : Designator=U2A Old Comment=6L6GC New Comment=EL84
Change Component Comment : Designator=U2B Old Comment=6L6GC New Comment=EL84
Change component parameters: Designator = "U1A" ("U1"); Footprint = "VALVE-OCTAL"; UniqueID = "\1CPIHXJVE\XMCEOIMM" ("\1CPIHXJVE\XMCEOIMM")
Change component parameters (AddParameter): Name = "Supplier"; Value = ""; VariantName = "[No Variations]"
Change component parameters (AddParameter): Name = "Value"; Value = "EL84"; VariantName = "[No Variations]"
Change component parameters: Designator = "U1B" ("U1"); Footprint = "VALVE-OCTAL"; UniqueID = "\2CPIHXJVE\XMCEOIMM" ("\2CPIHXJVE\XMCEOIMM")
Change component parameters (AddParameter): Name = "Supplier"; Value = ""; VariantName = "[No Variations]"
Change component parameters (AddParameter): Name = "Value"; Value = "EL84"; VariantName = "[No Variations]"
Change component parameters: Designator = "U2A" ("U2"); Footprint = "VALVE-OCTAL"; UniqueID = "\1CPIHXJVE\OIERNREO" ("\1CPIHXJVE\OIERNREO")
Change component parameters (AddParameter): Name = "Supplier"; Value = ""; VariantName = "[No Variations]"
Change component parameters (AddParameter): Name = "Value"; Value = "EL84"; VariantName = "[No Variations]"
Change component parameters: Designator = "U2B" ("U2"); Footprint = "VALVE-OCTAL"; UniqueID = "\2CPIHXJVE\OIERNREO" ("\2CPIHXJVE\OIERNREO")
Change component parameters (AddParameter): Name = "Supplier"; Value = ""; VariantName = "[No Variations]"
Change component parameters (AddParameter): Name = "Value"; Value = "EL84"; VariantName = "[No Variations]"
Added Pin To Net: NetName=NetR28A_2 Pin=U1A-2
Added Pin To Net: NetName=NetR49A_1 Pin=U1A-3
Added Pin To Net: NetName=6V3- Pin=U1A-4
Added Pin To Net: NetName=6V3+ Pin=U1A-5
Added Pin To Net: NetName=A11 Pin=U1A-7
Added Pin To Net: NetName=S11 Pin=U1A-9
Added Pin To Net: NetName=NetR28B_2 Pin=U1B-2
Added Pin To Net: NetName=NetR49B_1 Pin=U1B-3
Added Pin To Net: NetName=6V3- Pin=U1B-4
Added Pin To Net: NetName=6V3+ Pin=U1B-5
Added Pin To Net: NetName=A12 Pin=U1B-7
Added Pin To Net: NetName=S12 Pin=U1B-9
Added Pin To Net: NetName=NetR35A_2 Pin=U2A-2
Added Pin To Net: NetName=NetR50A_1 Pin=U2A-3
Added Pin To Net: NetName=6V3- Pin=U2A-4
Added Pin To Net: NetName=6V3+ Pin=U2A-5
Added Pin To Net: NetName=A21 Pin=U2A-7
Added Pin To Net: NetName=S21 Pin=U2A-9
Added Pin To Net: NetName=NetR35B_2 Pin=U2B-2
Added Pin To Net: NetName=NetR50B_1 Pin=U2B-3
Added Pin To Net: NetName=6V3- Pin=U2B-4
Added Pin To Net: NetName=6V3+ Pin=U2B-5
Added Pin To Net: NetName=A22 Pin=U2B-7
Added Pin To Net: NetName=S22 Pin=U2B-9
