Replace Part * LM329 in C:\Users\Public\Documents\Altium\Tiresias\Gagabiro_power_supply.SchDoc with LM329 from Persephone_Integrated_Library.IntLib
Replace Part *1 LM329 in C:\Users\Public\Documents\Altium\Tiresias\Gagabiro_power_supply.SchDoc with LM329 from Persephone_Integrated_Library.IntLib
Replace Part B1 LM337KVURG3 in C:\Users\Public\Documents\Altium\Tiresias\Gagabiro_power_supply.SchDoc with LM337KVURG3 from Gagabiro_Integrated_Library.IntLib
Replace Part C1 CAP_POLY_1u in C:\Users\Public\Documents\Altium\Tiresias\Gagabiro_power_supply.SchDoc with CAP_POLY_1u from Persephone_Integrated_Library.IntLib
Replace Part C2 CAP_POLY_1u in C:\Users\Public\Documents\Altium\Tiresias\Gagabiro_power_supply.SchDoc with CAP_POLY_1u from Persephone_Integrated_Library.IntLib
Replace Part C3 CAP_POLY_1u in C:\Users\Public\Documents\Altium\Tiresias\Gagabiro_power_supply.SchDoc with CAP_POLY_1u from Persephone_Integrated_Library.IntLib
Replace Part C4 CAP_POLY_1u in C:\Users\Public\Documents\Altium\Tiresias\Gagabiro_power_supply.SchDoc with CAP_POLY_1u from Persephone_Integrated_Library.IntLib
Replace Part C5 CAP_POLY_1u in C:\Users\Public\Documents\Altium\Tiresias\Gagabiro_power_supply.SchDoc with CAP_POLY_1u from Persephone_Integrated_Library.IntLib
Replace Part C6 CAP_POLY_1u in C:\Users\Public\Documents\Altium\Tiresias\Gagabiro_power_supply.SchDoc with CAP_POLY_1u from Persephone_Integrated_Library.IntLib
Replace Part C7 CAP_POLY_1u in C:\Users\Public\Documents\Altium\Tiresias\Gagabiro_power_supply.SchDoc with CAP_POLY_1u from Persephone_Integrated_Library.IntLib
Replace Part C8 CAP_POLY_1u in C:\Users\Public\Documents\Altium\Tiresias\Gagabiro_power_supply.SchDoc with CAP_POLY_1u from Persephone_Integrated_Library.IntLib
Replace Part C9 CAP_EL_220u_450V in C:\Users\Public\Documents\Altium\Tiresias\Gagabiro_power_supply.SchDoc with CAP_EL_220u_450V from Persephone_Integrated_Library.IntLib
Replace Part C18 CAP_EL_2200u_stand in C:\Users\Public\Documents\Altium\Tiresias\Gagabiro_power_supply.SchDoc with CAP_EL_2200u_stand from Gagabiro_Integrated_Library.IntLib
Replace Part C19 CAP_EL_47u_stand in C:\Users\Public\Documents\Altium\Tiresias\Gagabiro_power_supply.SchDoc with CAP_EL_47u_stand from Gagabiro_Integrated_Library.IntLib
Replace Part C20 CAP_EL_47u_stand in C:\Users\Public\Documents\Altium\Tiresias\Gagabiro_power_supply.SchDoc with CAP_EL_47u_stand from Gagabiro_Integrated_Library.IntLib
Replace Part C21 CAP_POLY_100n in C:\Users\Public\Documents\Altium\Tiresias\Gagabiro_power_supply.SchDoc with CAP_POLY_100n from Gagabiro_Integrated_Library.IntLib
Replace Part D1 1N4735A in C:\Users\Public\Documents\Altium\Tiresias\Gagabiro_power_supply.SchDoc with 1N4735A from Persephone_Integrated_Library.IntLib
Replace Part D2 1N4001G in C:\Users\Public\Documents\Altium\Tiresias\Gagabiro_power_supply.SchDoc with 1N4001G from Persephone_Integrated_Library.IntLib
Replace Part D3 1N4735A in C:\Users\Public\Documents\Altium\Tiresias\Gagabiro_power_supply.SchDoc with 1N4735A from Persephone_Integrated_Library.IntLib
Replace Part D4 1N4001G in C:\Users\Public\Documents\Altium\Tiresias\Gagabiro_power_supply.SchDoc with 1N4001G from Persephone_Integrated_Library.IntLib
Replace Part D6 1N4001G in C:\Users\Public\Documents\Altium\Tiresias\Gagabiro_power_supply.SchDoc with 1N4001G from Persephone_Integrated_Library.IntLib
Replace Part D7 1N4001G in C:\Users\Public\Documents\Altium\Tiresias\Gagabiro_power_supply.SchDoc with 1N4001G from Persephone_Integrated_Library.IntLib
Replace Part D8 1N4001G in C:\Users\Public\Documents\Altium\Tiresias\Gagabiro_power_supply.SchDoc with 1N4001G from Persephone_Integrated_Library.IntLib
Replace Part D9 1N4001G in C:\Users\Public\Documents\Altium\Tiresias\Gagabiro_power_supply.SchDoc with 1N4001G from Persephone_Integrated_Library.IntLib
Replace Part D10 1N4001G in C:\Users\Public\Documents\Altium\Tiresias\Gagabiro_power_supply.SchDoc with 1N4001G from Persephone_Integrated_Library.IntLib
Replace Part D11 1N4001G in C:\Users\Public\Documents\Altium\Tiresias\Gagabiro_power_supply.SchDoc with 1N4001G from Persephone_Integrated_Library.IntLib
Replace Part D12 1N4001G in C:\Users\Public\Documents\Altium\Tiresias\Gagabiro_power_supply.SchDoc with 1N4001G from Persephone_Integrated_Library.IntLib
Replace Part D13 1N4001G in C:\Users\Public\Documents\Altium\Tiresias\Gagabiro_power_supply.SchDoc with 1N4001G from Persephone_Integrated_Library.IntLib
Replace Part D14 1N4001G in C:\Users\Public\Documents\Altium\Tiresias\Gagabiro_power_supply.SchDoc with 1N4001G from Gagabiro_Integrated_Library.IntLib
Replace Part D15 1N4001G in C:\Users\Public\Documents\Altium\Tiresias\Gagabiro_power_supply.SchDoc with 1N4001G from Gagabiro_Integrated_Library.IntLib
Replace Part Q1 TIP50 in C:\Users\Public\Documents\Altium\Tiresias\Gagabiro_power_supply.SchDoc with TIP50 from Persephone_Integrated_Library.IntLib
Replace Part Q2 TIP50 in C:\Users\Public\Documents\Altium\Tiresias\Gagabiro_power_supply.SchDoc with TIP50 from Persephone_Integrated_Library.IntLib
Replace Part Q3 TIP50 in C:\Users\Public\Documents\Altium\Tiresias\Gagabiro_power_supply.SchDoc with TIP50 from Persephone_Integrated_Library.IntLib
Replace Part Q4 TIP50 in C:\Users\Public\Documents\Altium\Tiresias\Gagabiro_power_supply.SchDoc with TIP50 from Persephone_Integrated_Library.IntLib
Replace Part R1 R_2W_vertical_100K in C:\Users\Public\Documents\Altium\Tiresias\Gagabiro_power_supply.SchDoc with R_2W_vertical_100K from Persephone_Integrated_Library.IntLib
Replace Part R2 R_2W_vertical_1k in C:\Users\Public\Documents\Altium\Tiresias\Gagabiro_power_supply.SchDoc with R_2W_vertical_1k from Persephone_Integrated_Library.IntLib
Replace Part R3 R_2W_vertical_10R in C:\Users\Public\Documents\Altium\Tiresias\Gagabiro_power_supply.SchDoc with R_2W_vertical_10R from Persephone_Integrated_Library.IntLib
Replace Part R4 R_2W_vertical_1K5 in C:\Users\Public\Documents\Altium\Tiresias\Gagabiro_power_supply.SchDoc with R_2W_vertical_1K5 from Persephone_Integrated_Library.IntLib
Replace Part R5 R_2W_vertical_1k in C:\Users\Public\Documents\Altium\Tiresias\Gagabiro_power_supply.SchDoc with R_2W_vertical_1k from Persephone_Integrated_Library.IntLib
Replace Part R6 R_2W_vertical_2R7 in C:\Users\Public\Documents\Altium\Tiresias\Gagabiro_power_supply.SchDoc with R_2W_vertical_2R7 from Persephone_Integrated_Library.IntLib
Replace Part R7 R_2W_vertical_100R in C:\Users\Public\Documents\Altium\Tiresias\Gagabiro_power_supply.SchDoc with R_2W_vertical_100R from Persephone_Integrated_Library.IntLib
Replace Part R8 R_2W_vertical_36K in C:\Users\Public\Documents\Altium\Tiresias\Gagabiro_power_supply.SchDoc with R_2W_vertical_36K from Persephone_Integrated_Library.IntLib
Replace Part R9 R_2W_vertical_36K in C:\Users\Public\Documents\Altium\Tiresias\Gagabiro_power_supply.SchDoc with R_2W_vertical_36K from Persephone_Integrated_Library.IntLib
Replace Part R10 R_2W_vertical_NC in C:\Users\Public\Documents\Altium\Tiresias\Gagabiro_power_supply.SchDoc with R_2W_vertical_NC from Persephone_Integrated_Library.IntLib
Replace Part R11 R_2W_vertical_NC in C:\Users\Public\Documents\Altium\Tiresias\Gagabiro_power_supply.SchDoc with R_2W_vertical_NC from Persephone_Integrated_Library.IntLib
Replace Part R12 R_2W_vertical_36K in C:\Users\Public\Documents\Altium\Tiresias\Gagabiro_power_supply.SchDoc with R_2W_vertical_36K from Persephone_Integrated_Library.IntLib
Replace Part R13 R_2W_vertical_36K in C:\Users\Public\Documents\Altium\Tiresias\Gagabiro_power_supply.SchDoc with R_2W_vertical_36K from Persephone_Integrated_Library.IntLib
Replace Part R14 R_2W_vertical_100K in C:\Users\Public\Documents\Altium\Tiresias\Gagabiro_power_supply.SchDoc with R_2W_vertical_100K from Persephone_Integrated_Library.IntLib
Replace Part R15 R_2W_vertical_1k in C:\Users\Public\Documents\Altium\Tiresias\Gagabiro_power_supply.SchDoc with R_2W_vertical_1k from Persephone_Integrated_Library.IntLib
Replace Part R16 R_2W_vertical_10R in C:\Users\Public\Documents\Altium\Tiresias\Gagabiro_power_supply.SchDoc with R_2W_vertical_10R from Persephone_Integrated_Library.IntLib
Replace Part R17 R_2W_vertical_1K5 in C:\Users\Public\Documents\Altium\Tiresias\Gagabiro_power_supply.SchDoc with R_2W_vertical_1K5 from Persephone_Integrated_Library.IntLib
Replace Part R18 R_2W_vertical_1k in C:\Users\Public\Documents\Altium\Tiresias\Gagabiro_power_supply.SchDoc with R_2W_vertical_1k from Persephone_Integrated_Library.IntLib
Replace Part R19 R_2W_vertical_2R7 in C:\Users\Public\Documents\Altium\Tiresias\Gagabiro_power_supply.SchDoc with R_2W_vertical_2R7 from Persephone_Integrated_Library.IntLib
Replace Part R20 R_2W_vertical_100R in C:\Users\Public\Documents\Altium\Tiresias\Gagabiro_power_supply.SchDoc with R_2W_vertical_100R from Persephone_Integrated_Library.IntLib
Replace Part R21 R_2W_vertical_36K in C:\Users\Public\Documents\Altium\Tiresias\Gagabiro_power_supply.SchDoc with R_2W_vertical_36K from Persephone_Integrated_Library.IntLib
Replace Part R22 R_2W_vertical_36K in C:\Users\Public\Documents\Altium\Tiresias\Gagabiro_power_supply.SchDoc with R_2W_vertical_36K from Persephone_Integrated_Library.IntLib
Replace Part R23 R_2W_vertical_NC in C:\Users\Public\Documents\Altium\Tiresias\Gagabiro_power_supply.SchDoc with R_2W_vertical_NC from Persephone_Integrated_Library.IntLib
Replace Part R24 R_2W_vertical_NC in C:\Users\Public\Documents\Altium\Tiresias\Gagabiro_power_supply.SchDoc with R_2W_vertical_NC from Persephone_Integrated_Library.IntLib
Replace Part R25 R_2W_vertical_36K in C:\Users\Public\Documents\Altium\Tiresias\Gagabiro_power_supply.SchDoc with R_2W_vertical_36K from Persephone_Integrated_Library.IntLib
Replace Part R26 R_2W_vertical_36K in C:\Users\Public\Documents\Altium\Tiresias\Gagabiro_power_supply.SchDoc with R_2W_vertical_36K from Persephone_Integrated_Library.IntLib
Replace Part R47 R_2W_vertical_1K5 in C:\Users\Public\Documents\Altium\Tiresias\Gagabiro_power_supply.SchDoc with R_2W_vertical_1K5 from Gagabiro_Integrated_Library.IntLib
Replace Part R48 R_2W_vertical_150R in C:\Users\Public\Documents\Altium\Tiresias\Gagabiro_power_supply.SchDoc with R_2W_vertical_150R from Gagabiro_Integrated_Library.IntLib
Replace Part RV4 TRIMMER_100R in C:\Users\Public\Documents\Altium\Tiresias\Gagabiro_power_supply.SchDoc with TRIMMER_100R from Gagabiro_Integrated_Library.IntLib
Replace Part TP2 TP_1.5mm in C:\Users\Public\Documents\Altium\Tiresias\Gagabiro_power_supply.SchDoc with TP_1.5mm from Gagabiro_Integrated_Library.IntLib
Replace Part TP5 TP_1.5mm in C:\Users\Public\Documents\Altium\Tiresias\Gagabiro_power_supply.SchDoc with TP_1.5mm from Gagabiro_Integrated_Library.IntLib
Replace Part TP6 TP_1.5mm in C:\Users\Public\Documents\Altium\Tiresias\Gagabiro_power_supply.SchDoc with TP_1.5mm from Gagabiro_Integrated_Library.IntLib
Replace Part TP7 TP_1.5mm in C:\Users\Public\Documents\Altium\Tiresias\Gagabiro_power_supply.SchDoc with TP_1.5mm from Gagabiro_Integrated_Library.IntLib
Replace Part TP8 TP_1.5mm in C:\Users\Public\Documents\Altium\Tiresias\Gagabiro_power_supply.SchDoc with TP_1.5mm from Gagabiro_Integrated_Library.IntLib
Replace Part VR1 LM317AMDT/NOPB in C:\Users\Public\Documents\Altium\Tiresias\Gagabiro_power_supply.SchDoc with LM317AMDT/NOPB from Persephone_Integrated_Library.IntLib
Replace Part VR2 LM317AMDT/NOPB in C:\Users\Public\Documents\Altium\Tiresias\Gagabiro_power_supply.SchDoc with LM317AMDT/NOPB from Persephone_Integrated_Library.IntLib
