Removed Pin From Net: NetName=NetR31A_1 Pin=TP2A-1
Removed Pin From Net: NetName=NetR31B_1 Pin=TP2B-1
Removed Member From Class: ClassName=U_Gagabiro_main1 Member=TP2A
Removed Member From Class: ClassName=U_Gagabiro_main2 Member=TP2B
Change component parameters: Designator = "*" ("*"); Footprint = "TO92127P495H495-3"; UniqueID = "\BZMWWWFD\KBZBQDWF" ("\BZMWWWFD\KBZBQDWF")
Change component parameters: Designator = "*1" ("*1"); Footprint = "TO92127P495H495-3"; UniqueID = "\BZMWWWFD\OCNJZRKK" ("\BZMWWWFD\OCNJZRKK")
Change component parameters: Designator = "C1" ("C1"); Footprint = "CAP_panassonic_1u_450V"; UniqueID = "\BZMWWWFD\VDJDZBUG" ("\BZMWWWFD\VDJDZBUG")
Change component parameters (AddParameter): Name = "Part Number"; Value = "CMICA_47PF"; VariantName = "[No Variations]"
Change component parameters (AddParameter): Name = "Value"; Value = "1uF"; VariantName = "[No Variations]"
Change component parameters: Designator = "C2" ("C2"); Footprint = "CAP_panassonic_1u_450V"; UniqueID = "\BZMWWWFD\UEFFEEND" ("\BZMWWWFD\UEFFEEND")
Change component parameters (AddParameter): Name = "Part Number"; Value = "CMICA_47PF"; VariantName = "[No Variations]"
Change component parameters (AddParameter): Name = "Value"; Value = "1uF"; VariantName = "[No Variations]"
Change component parameters: Designator = "C3" ("C3"); Footprint = "CAP_panassonic_1u_450V"; UniqueID = "\BZMWWWFD\MCQWDJVB" ("\BZMWWWFD\MCQWDJVB")
Change component parameters (AddParameter): Name = "Part Number"; Value = "CMICA_47PF"; VariantName = "[No Variations]"
Change component parameters (AddParameter): Name = "Value"; Value = "1uF"; VariantName = "[No Variations]"
Change component parameters: Designator = "C4" ("C4"); Footprint = "CAP_panassonic_1u_450V"; UniqueID = "\BZMWWWFD\ALFRXCHJ" ("\BZMWWWFD\ALFRXCHJ")
Change component parameters (AddParameter): Name = "Part Number"; Value = "CMICA_47PF"; VariantName = "[No Variations]"
Change component parameters (AddParameter): Name = "Value"; Value = "1uF"; VariantName = "[No Variations]"
Change component parameters: Designator = "C5" ("C5"); Footprint = "CAP_panassonic_1u_450V"; UniqueID = "\BZMWWWFD\NOYBHMRT" ("\BZMWWWFD\NOYBHMRT")
Change component parameters (AddParameter): Name = "Part Number"; Value = "CMICA_47PF"; VariantName = "[No Variations]"
Change component parameters (AddParameter): Name = "Value"; Value = "1uF"; VariantName = "[No Variations]"
Change component parameters: Designator = "C6" ("C6"); Footprint = "CAP_panassonic_1u_450V"; UniqueID = "\BZMWWWFD\GNMSRYIP" ("\BZMWWWFD\GNMSRYIP")
Change component parameters (AddParameter): Name = "Part Number"; Value = "CMICA_47PF"; VariantName = "[No Variations]"
Change component parameters (AddParameter): Name = "Value"; Value = "1uF"; VariantName = "[No Variations]"
Change component parameters: Designator = "C7" ("C7"); Footprint = "CAP_panassonic_1u_450V"; UniqueID = "\BZMWWWFD\RLHROFCJ" ("\BZMWWWFD\RLHROFCJ")
Change component parameters (AddParameter): Name = "Part Number"; Value = "CMICA_47PF"; VariantName = "[No Variations]"
Change component parameters (AddParameter): Name = "Value"; Value = "1uF"; VariantName = "[No Variations]"
Change component parameters: Designator = "C8" ("C8"); Footprint = "CAP_panassonic_1u_450V"; UniqueID = "\BZMWWWFD\LQCBRZEU" ("\BZMWWWFD\LQCBRZEU")
Change component parameters (AddParameter): Name = "Part Number"; Value = "CMICA_47PF"; VariantName = "[No Variations]"
Change component parameters (AddParameter): Name = "Value"; Value = "1uF"; VariantName = "[No Variations]"
Change component parameters: Designator = "D1" ("D1"); Footprint = "DIOAD1036W78L463D272"; UniqueID = "\BZMWWWFD\TJRSTQFD" ("\BZMWWWFD\TJRSTQFD")
Change component parameters (AddParameter): Name = "Check_prices"; Value = "https://www.snapeda.com/parts/1N4735A/Onsemi/view-part/?ref=eda"; VariantName = "[No Variations]"
Change component parameters (AddParameter): Name = "MF"; Value = "ON Semiconductor"; VariantName = "[No Variations]"
Change component parameters (AddParameter): Name = "MP"; Value = "1N4735A"; VariantName = "[No Variations]"
Change component parameters (AddParameter): Name = "Package"; Value = "DO-41 ON Semiconductor"; VariantName = "[No Variations]"
Change component parameters (AddParameter): Name = "SnapEDA_Link"; Value = "https://www.snapeda.com/parts/1N4735A/Onsemi/view-part/?ref=snap"; VariantName = "[No Variations]"
Change component parameters (AddParameter): Name = "Value"; Value = ""; VariantName = "[No Variations]"
Change component parameters: Designator = "D2" ("D2"); Footprint = "DIOAD1036W78L470D235"; UniqueID = "\BZMWWWFD\WSETPQVU" ("\BZMWWWFD\WSETPQVU")
Change component parameters (AddParameter): Name = "Availability"; Value = "In Stock"; VariantName = "[No Variations]"
Change component parameters (AddParameter): Name = "Check_prices"; Value = "https://www.snapeda.com/parts/1N4001G/Taiwan+Semiconductor/view-part/?ref=eda"; VariantName = "[No Variations]"
Change component parameters (AddParameter): Name = "MF"; Value = "Taiwan Semiconductor"; VariantName = "[No Variations]"
Change component parameters (AddParameter): Name = "MP"; Value = "1N4001G"; VariantName = "[No Variations]"
Change component parameters (AddParameter): Name = "Package"; Value = "DO-41-2 Taiwan Semiconductor"; VariantName = "[No Variations]"
Change component parameters (AddParameter): Name = "Price"; Value = "None"; VariantName = "[No Variations]"
Change component parameters (AddParameter): Name = "Purchase-URL"; Value = "https://pricing.snapeda.com/search/part/1N4001G/?ref=eda"; VariantName = "[No Variations]"
Change component parameters (AddParameter): Name = "SnapEDA_Link"; Value = "https://www.snapeda.com/parts/1N4001G/Taiwan+Semiconductor/view-part/?ref=snap"; VariantName = "[No Variations]"
Change component parameters (AddParameter): Name = "Value"; Value = ""; VariantName = "[No Variations]"
Change component parameters: Designator = "D3" ("D3"); Footprint = "DIOAD1036W78L463D272"; UniqueID = "\BZMWWWFD\ZCCRPEKI" ("\BZMWWWFD\ZCCRPEKI")
Change component parameters (AddParameter): Name = "Check_prices"; Value = "https://www.snapeda.com/parts/1N4735A/Onsemi/view-part/?ref=eda"; VariantName = "[No Variations]"
Change component parameters (AddParameter): Name = "MF"; Value = "ON Semiconductor"; VariantName = "[No Variations]"
Change component parameters (AddParameter): Name = "MP"; Value = "1N4735A"; VariantName = "[No Variations]"
Change component parameters (AddParameter): Name = "Package"; Value = "DO-41 ON Semiconductor"; VariantName = "[No Variations]"
Change component parameters (AddParameter): Name = "SnapEDA_Link"; Value = "https://www.snapeda.com/parts/1N4735A/Onsemi/view-part/?ref=snap"; VariantName = "[No Variations]"
Change component parameters (AddParameter): Name = "Value"; Value = ""; VariantName = "[No Variations]"
Change component parameters: Designator = "D4" ("D4"); Footprint = "DIOAD1036W78L470D235"; UniqueID = "\BZMWWWFD\JHUVCMPM" ("\BZMWWWFD\JHUVCMPM")
Change component parameters (AddParameter): Name = "Availability"; Value = "In Stock"; VariantName = "[No Variations]"
Change component parameters (AddParameter): Name = "Check_prices"; Value = "https://www.snapeda.com/parts/1N4001G/Taiwan+Semiconductor/view-part/?ref=eda"; VariantName = "[No Variations]"
Change component parameters (AddParameter): Name = "MF"; Value = "Taiwan Semiconductor"; VariantName = "[No Variations]"
Change component parameters (AddParameter): Name = "MP"; Value = "1N4001G"; VariantName = "[No Variations]"
Change component parameters (AddParameter): Name = "Package"; Value = "DO-41-2 Taiwan Semiconductor"; VariantName = "[No Variations]"
Change component parameters (AddParameter): Name = "Price"; Value = "None"; VariantName = "[No Variations]"
Change component parameters (AddParameter): Name = "Purchase-URL"; Value = "https://pricing.snapeda.com/search/part/1N4001G/?ref=eda"; VariantName = "[No Variations]"
Change component parameters (AddParameter): Name = "SnapEDA_Link"; Value = "https://www.snapeda.com/parts/1N4001G/Taiwan+Semiconductor/view-part/?ref=snap"; VariantName = "[No Variations]"
Change component parameters (AddParameter): Name = "Value"; Value = ""; VariantName = "[No Variations]"
Change component parameters: Designator = "Q1" ("Q1"); Footprint = "TO254P1009X445X1985-3"; UniqueID = "\BZMWWWFD\CQTARFMH" ("\BZMWWWFD\CQTARFMH")
Change component parameters (AddParameter): Name = "Availability"; Value = "In Stock"; VariantName = "[No Variations]"
Change component parameters (AddParameter): Name = "Check_prices"; Value = "https://www.snapeda.com/parts/TIP50/Onsemi/view-part/?ref=eda"; VariantName = "[No Variations]"
Change component parameters (AddParameter): Name = "MF"; Value = "ON Semiconductor"; VariantName = "[No Variations]"
Change component parameters (AddParameter): Name = "MP"; Value = "TIP50"; VariantName = "[No Variations]"
Change component parameters (AddParameter): Name = "Package"; Value = "TO-220-3 onsemi"; VariantName = "[No Variations]"
Change component parameters (AddParameter): Name = "Price"; Value = "None"; VariantName = "[No Variations]"
Change component parameters (AddParameter): Name = "Purchase-URL"; Value = "https://pricing.snapeda.com/search/part/TIP50/?ref=eda"; VariantName = "[No Variations]"
Change component parameters (AddParameter): Name = "SnapEDA_Link"; Value = "https://www.snapeda.com/parts/TIP50/Onsemi/view-part/?ref=snap"; VariantName = "[No Variations]"
Change component parameters (AddParameter): Name = "Value"; Value = ""; VariantName = "[No Variations]"
Change component parameters: Designator = "Q2" ("Q2"); Footprint = "TO254P1009X445X1985-3_heatsink"; UniqueID = "\BZMWWWFD\TGIXSJCA" ("\BZMWWWFD\TGIXSJCA")
Change component parameters (AddParameter): Name = "Availability"; Value = "In Stock"; VariantName = "[No Variations]"
Change component parameters (AddParameter): Name = "Check_prices"; Value = "https://www.snapeda.com/parts/TIP50/Onsemi/view-part/?ref=eda"; VariantName = "[No Variations]"
Change component parameters (AddParameter): Name = "MF"; Value = "ON Semiconductor"; VariantName = "[No Variations]"
Change component parameters (AddParameter): Name = "MP"; Value = "TIP50"; VariantName = "[No Variations]"
Change component parameters (AddParameter): Name = "Package"; Value = "TO-220-3 onsemi"; VariantName = "[No Variations]"
Change component parameters (AddParameter): Name = "Price"; Value = "None"; VariantName = "[No Variations]"
Change component parameters (AddParameter): Name = "Purchase-URL"; Value = "https://pricing.snapeda.com/search/part/TIP50/?ref=eda"; VariantName = "[No Variations]"
Change component parameters (AddParameter): Name = "SnapEDA_Link"; Value = "https://www.snapeda.com/parts/TIP50/Onsemi/view-part/?ref=snap"; VariantName = "[No Variations]"
Change component parameters (AddParameter): Name = "Value"; Value = ""; VariantName = "[No Variations]"
Change component parameters: Designator = "Q3" ("Q3"); Footprint = "TO254P1009X445X1985-3"; UniqueID = "\BZMWWWFD\DSFBUIUM" ("\BZMWWWFD\DSFBUIUM")
Change component parameters (AddParameter): Name = "Availability"; Value = "In Stock"; VariantName = "[No Variations]"
Change component parameters (AddParameter): Name = "Check_prices"; Value = "https://www.snapeda.com/parts/TIP50/Onsemi/view-part/?ref=eda"; VariantName = "[No Variations]"
Change component parameters (AddParameter): Name = "MF"; Value = "ON Semiconductor"; VariantName = "[No Variations]"
Change component parameters (AddParameter): Name = "MP"; Value = "TIP50"; VariantName = "[No Variations]"
Change component parameters (AddParameter): Name = "Package"; Value = "TO-220-3 onsemi"; VariantName = "[No Variations]"
Change component parameters (AddParameter): Name = "Price"; Value = "None"; VariantName = "[No Variations]"
Change component parameters (AddParameter): Name = "Purchase-URL"; Value = "https://pricing.snapeda.com/search/part/TIP50/?ref=eda"; VariantName = "[No Variations]"
Change component parameters (AddParameter): Name = "SnapEDA_Link"; Value = "https://www.snapeda.com/parts/TIP50/Onsemi/view-part/?ref=snap"; VariantName = "[No Variations]"
Change component parameters (AddParameter): Name = "Value"; Value = ""; VariantName = "[No Variations]"
Change component parameters: Designator = "Q4" ("Q4"); Footprint = "TO254P1009X445X1985-3_heatsink"; UniqueID = "\BZMWWWFD\YDAJQVPO" ("\BZMWWWFD\YDAJQVPO")
Change component parameters (AddParameter): Name = "Availability"; Value = "In Stock"; VariantName = "[No Variations]"
Change component parameters (AddParameter): Name = "Check_prices"; Value = "https://www.snapeda.com/parts/TIP50/Onsemi/view-part/?ref=eda"; VariantName = "[No Variations]"
Change component parameters (AddParameter): Name = "MF"; Value = "ON Semiconductor"; VariantName = "[No Variations]"
Change component parameters (AddParameter): Name = "MP"; Value = "TIP50"; VariantName = "[No Variations]"
Change component parameters (AddParameter): Name = "Package"; Value = "TO-220-3 onsemi"; VariantName = "[No Variations]"
Change component parameters (AddParameter): Name = "Price"; Value = "None"; VariantName = "[No Variations]"
Change component parameters (AddParameter): Name = "Purchase-URL"; Value = "https://pricing.snapeda.com/search/part/TIP50/?ref=eda"; VariantName = "[No Variations]"
Change component parameters (AddParameter): Name = "SnapEDA_Link"; Value = "https://www.snapeda.com/parts/TIP50/Onsemi/view-part/?ref=snap"; VariantName = "[No Variations]"
Change component parameters (AddParameter): Name = "Value"; Value = ""; VariantName = "[No Variations]"
Change component parameters: Designator = "R1" ("R1"); Footprint = "RES_2W_vertical"; UniqueID = "\BZMWWWFD\OMPHBJFZ" ("\BZMWWWFD\OMPHBJFZ")
Change component parameters (AddParameter): Name = "Author"; Value = "colombari"; VariantName = "[No Variations]"
Change component parameters (AddParameter): Name = "ComponentLink1Description"; Value = "Datasheet"; VariantName = "[No Variations]"
Change component parameters (AddParameter): Name = "ComponentLink1URL"; Value = "N.A."; VariantName = "[No Variations]"
Change component parameters (AddParameter): Name = "ComponentLink2Description"; Value = "Supplier link"; VariantName = "[No Variations]"
Change component parameters (AddParameter): Name = "ComponentLink2URL"; Value = "N.A."; VariantName = "[No Variations]"
Change component parameters (AddParameter): Name = "Part Number"; Value = "R2W"; VariantName = "[No Variations]"
Change component parameters (AddParameter): Name = "Value"; Value = "100K"; VariantName = "[No Variations]"
Change component parameters: Designator = "R2" ("R2"); Footprint = "RES_2W_vertical"; UniqueID = "\BZMWWWFD\JIJMUUHO" ("\BZMWWWFD\JIJMUUHO")
Change component parameters (AddParameter): Name = "Author"; Value = "colombari"; VariantName = "[No Variations]"
Change component parameters (AddParameter): Name = "ComponentLink1Description"; Value = "Datasheet"; VariantName = "[No Variations]"
Change component parameters (AddParameter): Name = "ComponentLink1URL"; Value = "N.A."; VariantName = "[No Variations]"
Change component parameters (AddParameter): Name = "ComponentLink2Description"; Value = "Supplier link"; VariantName = "[No Variations]"
Change component parameters (AddParameter): Name = "ComponentLink2URL"; Value = "N.A."; VariantName = "[No Variations]"
Change component parameters (AddParameter): Name = "Part Number"; Value = "R2W"; VariantName = "[No Variations]"
Change component parameters (AddParameter): Name = "Value"; Value = "1k"; VariantName = "[No Variations]"
Change component parameters: Designator = "R3" ("R3"); Footprint = "RES_2W_vertical"; UniqueID = "\BZMWWWFD\JYFXTUVI" ("\BZMWWWFD\JYFXTUVI")
Change component parameters (AddParameter): Name = "Author"; Value = "colombari"; VariantName = "[No Variations]"
Change component parameters (AddParameter): Name = "ComponentLink1Description"; Value = "Datasheet"; VariantName = "[No Variations]"
Change component parameters (AddParameter): Name = "ComponentLink1URL"; Value = "N.A."; VariantName = "[No Variations]"
Change component parameters (AddParameter): Name = "ComponentLink2Description"; Value = "Supplier link"; VariantName = "[No Variations]"
Change component parameters (AddParameter): Name = "ComponentLink2URL"; Value = "N.A."; VariantName = "[No Variations]"
Change component parameters (AddParameter): Name = "Part Number"; Value = "R2W"; VariantName = "[No Variations]"
Change component parameters (AddParameter): Name = "Value"; Value = "10R"; VariantName = "[No Variations]"
Change component parameters: Designator = "R4" ("R4"); Footprint = "RES_2W_vertical"; UniqueID = "\BZMWWWFD\VQZYPPAN" ("\BZMWWWFD\VQZYPPAN")
Change component parameters (AddParameter): Name = "Author"; Value = "colombari"; VariantName = "[No Variations]"
Change component parameters (AddParameter): Name = "ComponentLink1Description"; Value = "Datasheet"; VariantName = "[No Variations]"
Change component parameters (AddParameter): Name = "ComponentLink1URL"; Value = "N.A."; VariantName = "[No Variations]"
Change component parameters (AddParameter): Name = "ComponentLink2Description"; Value = "Supplier link"; VariantName = "[No Variations]"
Change component parameters (AddParameter): Name = "ComponentLink2URL"; Value = "N.A."; VariantName = "[No Variations]"
Change component parameters (AddParameter): Name = "Part Number"; Value = "R2W"; VariantName = "[No Variations]"
Change component parameters (AddParameter): Name = "Value"; Value = "1K5"; VariantName = "[No Variations]"
Change component parameters: Designator = "R5" ("R5"); Footprint = "RES_2W_vertical"; UniqueID = "\BZMWWWFD\QHGAZADI" ("\BZMWWWFD\QHGAZADI")
Change component parameters (AddParameter): Name = "Author"; Value = "colombari"; VariantName = "[No Variations]"
Change component parameters (AddParameter): Name = "ComponentLink1Description"; Value = "Datasheet"; VariantName = "[No Variations]"
Change component parameters (AddParameter): Name = "ComponentLink1URL"; Value = "N.A."; VariantName = "[No Variations]"
Change component parameters (AddParameter): Name = "ComponentLink2Description"; Value = "Supplier link"; VariantName = "[No Variations]"
Change component parameters (AddParameter): Name = "ComponentLink2URL"; Value = "N.A."; VariantName = "[No Variations]"
Change component parameters (AddParameter): Name = "Part Number"; Value = "R2W"; VariantName = "[No Variations]"
Change component parameters (AddParameter): Name = "Value"; Value = "1k"; VariantName = "[No Variations]"
Change component parameters: Designator = "R6" ("R6"); Footprint = "RES_2W_vertical"; UniqueID = "\BZMWWWFD\DBVWNHPG" ("\BZMWWWFD\DBVWNHPG")
Change component parameters (AddParameter): Name = "Author"; Value = "colombari"; VariantName = "[No Variations]"
Change component parameters (AddParameter): Name = "ComponentLink1Description"; Value = "Datasheet"; VariantName = "[No Variations]"
Change component parameters (AddParameter): Name = "ComponentLink1URL"; Value = "N.A."; VariantName = "[No Variations]"
Change component parameters (AddParameter): Name = "ComponentLink2Description"; Value = "Supplier link"; VariantName = "[No Variations]"
Change component parameters (AddParameter): Name = "ComponentLink2URL"; Value = "N.A."; VariantName = "[No Variations]"
Change component parameters (AddParameter): Name = "Part Number"; Value = "R2W"; VariantName = "[No Variations]"
Change component parameters (AddParameter): Name = "Value"; Value = "2R7"; VariantName = "[No Variations]"
Change component parameters: Designator = "R7" ("R7"); Footprint = "RES_2W_vertical"; UniqueID = "\BZMWWWFD\ISSOCZLS" ("\BZMWWWFD\ISSOCZLS")
Change component parameters (AddParameter): Name = "Author"; Value = "colombari"; VariantName = "[No Variations]"
Change component parameters (AddParameter): Name = "ComponentLink1Description"; Value = "Datasheet"; VariantName = "[No Variations]"
Change component parameters (AddParameter): Name = "ComponentLink1URL"; Value = "N.A."; VariantName = "[No Variations]"
Change component parameters (AddParameter): Name = "ComponentLink2Description"; Value = "Supplier link"; VariantName = "[No Variations]"
Change component parameters (AddParameter): Name = "ComponentLink2URL"; Value = "N.A."; VariantName = "[No Variations]"
Change component parameters (AddParameter): Name = "Part Number"; Value = "R2W"; VariantName = "[No Variations]"
Change component parameters (AddParameter): Name = "Value"; Value = "100R"; VariantName = "[No Variations]"
Change component parameters: Designator = "R8" ("R8"); Footprint = "RES_2W_vertical"; UniqueID = "\BZMWWWFD\CVBRKRXM" ("\BZMWWWFD\CVBRKRXM")
Change component parameters (AddParameter): Name = "Author"; Value = "colombari"; VariantName = "[No Variations]"
Change component parameters (AddParameter): Name = "ComponentLink1Description"; Value = "Datasheet"; VariantName = "[No Variations]"
Change component parameters (AddParameter): Name = "ComponentLink1URL"; Value = "N.A."; VariantName = "[No Variations]"
Change component parameters (AddParameter): Name = "ComponentLink2Description"; Value = "Supplier link"; VariantName = "[No Variations]"
Change component parameters (AddParameter): Name = "ComponentLink2URL"; Value = "N.A."; VariantName = "[No Variations]"
Change component parameters (AddParameter): Name = "Part Number"; Value = "R2W"; VariantName = "[No Variations]"
Change component parameters (AddParameter): Name = "Value"; Value = "36K"; VariantName = "[No Variations]"
Change component parameters: Designator = "R9" ("R9"); Footprint = "RES_2W_vertical"; UniqueID = "\BZMWWWFD\CVBLCCMB" ("\BZMWWWFD\CVBLCCMB")
Change component parameters (AddParameter): Name = "Author"; Value = "colombari"; VariantName = "[No Variations]"
Change component parameters (AddParameter): Name = "ComponentLink1Description"; Value = "Datasheet"; VariantName = "[No Variations]"
Change component parameters (AddParameter): Name = "ComponentLink1URL"; Value = "N.A."; VariantName = "[No Variations]"
Change component parameters (AddParameter): Name = "ComponentLink2Description"; Value = "Supplier link"; VariantName = "[No Variations]"
Change component parameters (AddParameter): Name = "ComponentLink2URL"; Value = "N.A."; VariantName = "[No Variations]"
Change component parameters (AddParameter): Name = "Part Number"; Value = "R2W"; VariantName = "[No Variations]"
Change component parameters (AddParameter): Name = "Value"; Value = "36K"; VariantName = "[No Variations]"
Change component parameters: Designator = "R10" ("R10"); Footprint = "RES_2W_vertical"; UniqueID = "\BZMWWWFD\TBAIOLBX" ("\BZMWWWFD\TBAIOLBX")
Change component parameters (AddParameter): Name = "Author"; Value = "colombari"; VariantName = "[No Variations]"
Change component parameters (AddParameter): Name = "ComponentLink1Description"; Value = "Datasheet"; VariantName = "[No Variations]"
Change component parameters (AddParameter): Name = "ComponentLink1URL"; Value = "N.A."; VariantName = "[No Variations]"
Change component parameters (AddParameter): Name = "ComponentLink2Description"; Value = "Supplier link"; VariantName = "[No Variations]"
Change component parameters (AddParameter): Name = "ComponentLink2URL"; Value = "N.A."; VariantName = "[No Variations]"
Change component parameters (AddParameter): Name = "Part Number"; Value = "R2W"; VariantName = "[No Variations]"
Change component parameters (AddParameter): Name = "Value"; Value = "NC"; VariantName = "[No Variations]"
Change component parameters: Designator = "R11" ("R11"); Footprint = "RES_2W_vertical"; UniqueID = "\BZMWWWFD\WZBVJEEE" ("\BZMWWWFD\WZBVJEEE")
Change component parameters (AddParameter): Name = "Author"; Value = "colombari"; VariantName = "[No Variations]"
Change component parameters (AddParameter): Name = "ComponentLink1Description"; Value = "Datasheet"; VariantName = "[No Variations]"
Change component parameters (AddParameter): Name = "ComponentLink1URL"; Value = "N.A."; VariantName = "[No Variations]"
Change component parameters (AddParameter): Name = "ComponentLink2Description"; Value = "Supplier link"; VariantName = "[No Variations]"
Change component parameters (AddParameter): Name = "ComponentLink2URL"; Value = "N.A."; VariantName = "[No Variations]"
Change component parameters (AddParameter): Name = "Part Number"; Value = "R2W"; VariantName = "[No Variations]"
Change component parameters (AddParameter): Name = "Value"; Value = "NC"; VariantName = "[No Variations]"
Change component parameters: Designator = "R12" ("R12"); Footprint = "RES_2W_vertical"; UniqueID = "\BZMWWWFD\AEQCIQLD" ("\BZMWWWFD\AEQCIQLD")
Change component parameters (AddParameter): Name = "Author"; Value = "colombari"; VariantName = "[No Variations]"
Change component parameters (AddParameter): Name = "ComponentLink1Description"; Value = "Datasheet"; VariantName = "[No Variations]"
Change component parameters (AddParameter): Name = "ComponentLink1URL"; Value = "N.A."; VariantName = "[No Variations]"
Change component parameters (AddParameter): Name = "ComponentLink2Description"; Value = "Supplier link"; VariantName = "[No Variations]"
Change component parameters (AddParameter): Name = "ComponentLink2URL"; Value = "N.A."; VariantName = "[No Variations]"
Change component parameters (AddParameter): Name = "Part Number"; Value = "R2W"; VariantName = "[No Variations]"
Change component parameters (AddParameter): Name = "Value"; Value = "36K"; VariantName = "[No Variations]"
Change component parameters: Designator = "R13" ("R13"); Footprint = "RES_2W_vertical"; UniqueID = "\BZMWWWFD\DFCALWNY" ("\BZMWWWFD\DFCALWNY")
Change component parameters (AddParameter): Name = "Author"; Value = "colombari"; VariantName = "[No Variations]"
Change component parameters (AddParameter): Name = "ComponentLink1Description"; Value = "Datasheet"; VariantName = "[No Variations]"
Change component parameters (AddParameter): Name = "ComponentLink1URL"; Value = "N.A."; VariantName = "[No Variations]"
Change component parameters (AddParameter): Name = "ComponentLink2Description"; Value = "Supplier link"; VariantName = "[No Variations]"
Change component parameters (AddParameter): Name = "ComponentLink2URL"; Value = "N.A."; VariantName = "[No Variations]"
Change component parameters (AddParameter): Name = "Part Number"; Value = "R2W"; VariantName = "[No Variations]"
Change component parameters (AddParameter): Name = "Value"; Value = "36K"; VariantName = "[No Variations]"
Change component parameters: Designator = "R14" ("R14"); Footprint = "RES_2W_vertical"; UniqueID = "\BZMWWWFD\FFKZMVPM" ("\BZMWWWFD\FFKZMVPM")
Change component parameters (AddParameter): Name = "Author"; Value = "colombari"; VariantName = "[No Variations]"
Change component parameters (AddParameter): Name = "ComponentLink1Description"; Value = "Datasheet"; VariantName = "[No Variations]"
Change component parameters (AddParameter): Name = "ComponentLink1URL"; Value = "N.A."; VariantName = "[No Variations]"
Change component parameters (AddParameter): Name = "ComponentLink2Description"; Value = "Supplier link"; VariantName = "[No Variations]"
Change component parameters (AddParameter): Name = "ComponentLink2URL"; Value = "N.A."; VariantName = "[No Variations]"
Change component parameters (AddParameter): Name = "Part Number"; Value = "R2W"; VariantName = "[No Variations]"
Change component parameters (AddParameter): Name = "Value"; Value = "100K"; VariantName = "[No Variations]"
Change component parameters: Designator = "R15" ("R15"); Footprint = "RES_2W_vertical"; UniqueID = "\BZMWWWFD\XBQAVESH" ("\BZMWWWFD\XBQAVESH")
Change component parameters (AddParameter): Name = "Author"; Value = "colombari"; VariantName = "[No Variations]"
Change component parameters (AddParameter): Name = "ComponentLink1Description"; Value = "Datasheet"; VariantName = "[No Variations]"
Change component parameters (AddParameter): Name = "ComponentLink1URL"; Value = "N.A."; VariantName = "[No Variations]"
Change component parameters (AddParameter): Name = "ComponentLink2Description"; Value = "Supplier link"; VariantName = "[No Variations]"
Change component parameters (AddParameter): Name = "ComponentLink2URL"; Value = "N.A."; VariantName = "[No Variations]"
Change component parameters (AddParameter): Name = "Part Number"; Value = "R2W"; VariantName = "[No Variations]"
Change component parameters (AddParameter): Name = "Value"; Value = "1k"; VariantName = "[No Variations]"
Change component parameters: Designator = "R16" ("R16"); Footprint = "RES_2W_vertical"; UniqueID = "\BZMWWWFD\YQGTJPID" ("\BZMWWWFD\YQGTJPID")
Change component parameters (AddParameter): Name = "Author"; Value = "colombari"; VariantName = "[No Variations]"
Change component parameters (AddParameter): Name = "ComponentLink1Description"; Value = "Datasheet"; VariantName = "[No Variations]"
Change component parameters (AddParameter): Name = "ComponentLink1URL"; Value = "N.A."; VariantName = "[No Variations]"
Change component parameters (AddParameter): Name = "ComponentLink2Description"; Value = "Supplier link"; VariantName = "[No Variations]"
Change component parameters (AddParameter): Name = "ComponentLink2URL"; Value = "N.A."; VariantName = "[No Variations]"
Change component parameters (AddParameter): Name = "Part Number"; Value = "R2W"; VariantName = "[No Variations]"
Change component parameters (AddParameter): Name = "Value"; Value = "10R"; VariantName = "[No Variations]"
Change component parameters: Designator = "R17" ("R17"); Footprint = "RES_2W_vertical"; UniqueID = "\BZMWWWFD\MRVFMPZB" ("\BZMWWWFD\MRVFMPZB")
Change component parameters (AddParameter): Name = "Author"; Value = "colombari"; VariantName = "[No Variations]"
Change component parameters (AddParameter): Name = "ComponentLink1Description"; Value = "Datasheet"; VariantName = "[No Variations]"
Change component parameters (AddParameter): Name = "ComponentLink1URL"; Value = "N.A."; VariantName = "[No Variations]"
Change component parameters (AddParameter): Name = "ComponentLink2Description"; Value = "Supplier link"; VariantName = "[No Variations]"
Change component parameters (AddParameter): Name = "ComponentLink2URL"; Value = "N.A."; VariantName = "[No Variations]"
Change component parameters (AddParameter): Name = "Part Number"; Value = "R2W"; VariantName = "[No Variations]"
Change component parameters (AddParameter): Name = "Value"; Value = "1K5"; VariantName = "[No Variations]"
Change component parameters: Designator = "R18" ("R18"); Footprint = "RES_2W_vertical"; UniqueID = "\BZMWWWFD\OSHFBRTZ" ("\BZMWWWFD\OSHFBRTZ")
Change component parameters (AddParameter): Name = "Author"; Value = "colombari"; VariantName = "[No Variations]"
Change component parameters (AddParameter): Name = "ComponentLink1Description"; Value = "Datasheet"; VariantName = "[No Variations]"
Change component parameters (AddParameter): Name = "ComponentLink1URL"; Value = "N.A."; VariantName = "[No Variations]"
Change component parameters (AddParameter): Name = "ComponentLink2Description"; Value = "Supplier link"; VariantName = "[No Variations]"
Change component parameters (AddParameter): Name = "ComponentLink2URL"; Value = "N.A."; VariantName = "[No Variations]"
Change component parameters (AddParameter): Name = "Part Number"; Value = "R2W"; VariantName = "[No Variations]"
Change component parameters (AddParameter): Name = "Value"; Value = "1k"; VariantName = "[No Variations]"
Change component parameters: Designator = "R19" ("R19"); Footprint = "RES_2W_vertical"; UniqueID = "\BZMWWWFD\UICGTKYS" ("\BZMWWWFD\UICGTKYS")
Change component parameters (AddParameter): Name = "Author"; Value = "colombari"; VariantName = "[No Variations]"
Change component parameters (AddParameter): Name = "ComponentLink1Description"; Value = "Datasheet"; VariantName = "[No Variations]"
Change component parameters (AddParameter): Name = "ComponentLink1URL"; Value = "N.A."; VariantName = "[No Variations]"
Change component parameters (AddParameter): Name = "ComponentLink2Description"; Value = "Supplier link"; VariantName = "[No Variations]"
Change component parameters (AddParameter): Name = "ComponentLink2URL"; Value = "N.A."; VariantName = "[No Variations]"
Change component parameters (AddParameter): Name = "Part Number"; Value = "R2W"; VariantName = "[No Variations]"
Change component parameters (AddParameter): Name = "Value"; Value = "2R7"; VariantName = "[No Variations]"
Change component parameters: Designator = "R20" ("R20"); Footprint = "RES_2W_vertical"; UniqueID = "\BZMWWWFD\DTOSVTAX" ("\BZMWWWFD\DTOSVTAX")
Change component parameters (AddParameter): Name = "Author"; Value = "colombari"; VariantName = "[No Variations]"
Change component parameters (AddParameter): Name = "ComponentLink1Description"; Value = "Datasheet"; VariantName = "[No Variations]"
Change component parameters (AddParameter): Name = "ComponentLink1URL"; Value = "N.A."; VariantName = "[No Variations]"
Change component parameters (AddParameter): Name = "ComponentLink2Description"; Value = "Supplier link"; VariantName = "[No Variations]"
Change component parameters (AddParameter): Name = "ComponentLink2URL"; Value = "N.A."; VariantName = "[No Variations]"
Change component parameters (AddParameter): Name = "Part Number"; Value = "R2W"; VariantName = "[No Variations]"
Change component parameters (AddParameter): Name = "Value"; Value = "100R"; VariantName = "[No Variations]"
Change component parameters: Designator = "R21" ("R21"); Footprint = "RES_2W_vertical"; UniqueID = "\BZMWWWFD\DIJRMOWX" ("\BZMWWWFD\DIJRMOWX")
Change component parameters (AddParameter): Name = "Author"; Value = "colombari"; VariantName = "[No Variations]"
Change component parameters (AddParameter): Name = "ComponentLink1Description"; Value = "Datasheet"; VariantName = "[No Variations]"
Change component parameters (AddParameter): Name = "ComponentLink1URL"; Value = "N.A."; VariantName = "[No Variations]"
Change component parameters (AddParameter): Name = "ComponentLink2Description"; Value = "Supplier link"; VariantName = "[No Variations]"
Change component parameters (AddParameter): Name = "ComponentLink2URL"; Value = "N.A."; VariantName = "[No Variations]"
Change component parameters (AddParameter): Name = "Part Number"; Value = "R2W"; VariantName = "[No Variations]"
Change component parameters (AddParameter): Name = "Value"; Value = "36K"; VariantName = "[No Variations]"
Change component parameters: Designator = "R22" ("R22"); Footprint = "RES_2W_vertical"; UniqueID = "\BZMWWWFD\XUOGDTQI" ("\BZMWWWFD\XUOGDTQI")
Change component parameters (AddParameter): Name = "Author"; Value = "colombari"; VariantName = "[No Variations]"
Change component parameters (AddParameter): Name = "ComponentLink1Description"; Value = "Datasheet"; VariantName = "[No Variations]"
Change component parameters (AddParameter): Name = "ComponentLink1URL"; Value = "N.A."; VariantName = "[No Variations]"
Change component parameters (AddParameter): Name = "ComponentLink2Description"; Value = "Supplier link"; VariantName = "[No Variations]"
Change component parameters (AddParameter): Name = "ComponentLink2URL"; Value = "N.A."; VariantName = "[No Variations]"
Change component parameters (AddParameter): Name = "Part Number"; Value = "R2W"; VariantName = "[No Variations]"
Change component parameters (AddParameter): Name = "Value"; Value = "36K"; VariantName = "[No Variations]"
Change component parameters: Designator = "R23" ("R23"); Footprint = "RES_2W_vertical"; UniqueID = "\BZMWWWFD\KQPSRBRI" ("\BZMWWWFD\KQPSRBRI")
Change component parameters (AddParameter): Name = "Author"; Value = "colombari"; VariantName = "[No Variations]"
Change component parameters (AddParameter): Name = "ComponentLink1Description"; Value = "Datasheet"; VariantName = "[No Variations]"
Change component parameters (AddParameter): Name = "ComponentLink1URL"; Value = "N.A."; VariantName = "[No Variations]"
Change component parameters (AddParameter): Name = "ComponentLink2Description"; Value = "Supplier link"; VariantName = "[No Variations]"
Change component parameters (AddParameter): Name = "ComponentLink2URL"; Value = "N.A."; VariantName = "[No Variations]"
Change component parameters (AddParameter): Name = "Part Number"; Value = "R2W"; VariantName = "[No Variations]"
Change component parameters (AddParameter): Name = "Value"; Value = "NC"; VariantName = "[No Variations]"
Change component parameters: Designator = "R24" ("R24"); Footprint = "RES_2W_vertical"; UniqueID = "\BZMWWWFD\CPYBVZCW" ("\BZMWWWFD\CPYBVZCW")
Change component parameters (AddParameter): Name = "Author"; Value = "colombari"; VariantName = "[No Variations]"
Change component parameters (AddParameter): Name = "ComponentLink1Description"; Value = "Datasheet"; VariantName = "[No Variations]"
Change component parameters (AddParameter): Name = "ComponentLink1URL"; Value = "N.A."; VariantName = "[No Variations]"
Change component parameters (AddParameter): Name = "ComponentLink2Description"; Value = "Supplier link"; VariantName = "[No Variations]"
Change component parameters (AddParameter): Name = "ComponentLink2URL"; Value = "N.A."; VariantName = "[No Variations]"
Change component parameters (AddParameter): Name = "Part Number"; Value = "R2W"; VariantName = "[No Variations]"
Change component parameters (AddParameter): Name = "Value"; Value = "NC"; VariantName = "[No Variations]"
Change component parameters: Designator = "R25" ("R25"); Footprint = "RES_2W_vertical"; UniqueID = "\BZMWWWFD\IXSARLJQ" ("\BZMWWWFD\IXSARLJQ")
Change component parameters (AddParameter): Name = "Author"; Value = "colombari"; VariantName = "[No Variations]"
Change component parameters (AddParameter): Name = "ComponentLink1Description"; Value = "Datasheet"; VariantName = "[No Variations]"
Change component parameters (AddParameter): Name = "ComponentLink1URL"; Value = "N.A."; VariantName = "[No Variations]"
Change component parameters (AddParameter): Name = "ComponentLink2Description"; Value = "Supplier link"; VariantName = "[No Variations]"
Change component parameters (AddParameter): Name = "ComponentLink2URL"; Value = "N.A."; VariantName = "[No Variations]"
Change component parameters (AddParameter): Name = "Part Number"; Value = "R2W"; VariantName = "[No Variations]"
Change component parameters (AddParameter): Name = "Value"; Value = "36K"; VariantName = "[No Variations]"
Change component parameters: Designator = "R26" ("R26"); Footprint = "RES_2W_vertical"; UniqueID = "\BZMWWWFD\BFJCUYJD" ("\BZMWWWFD\BFJCUYJD")
Change component parameters (AddParameter): Name = "Author"; Value = "colombari"; VariantName = "[No Variations]"
Change component parameters (AddParameter): Name = "ComponentLink1Description"; Value = "Datasheet"; VariantName = "[No Variations]"
Change component parameters (AddParameter): Name = "ComponentLink1URL"; Value = "N.A."; VariantName = "[No Variations]"
Change component parameters (AddParameter): Name = "ComponentLink2Description"; Value = "Supplier link"; VariantName = "[No Variations]"
Change component parameters (AddParameter): Name = "ComponentLink2URL"; Value = "N.A."; VariantName = "[No Variations]"
Change component parameters (AddParameter): Name = "Part Number"; Value = "R2W"; VariantName = "[No Variations]"
Change component parameters (AddParameter): Name = "Value"; Value = "36K"; VariantName = "[No Variations]"
Change component parameters: Designator = "VR1" ("VR1"); Footprint = "TO228P991X255-3N"; UniqueID = "\BZMWWWFD\PAVXGHGZ" ("\BZMWWWFD\PAVXGHGZ")
Change component parameters (AddParameter): Name = "Availability"; Value = "Unavailable"; VariantName = "[No Variations]"
Change component parameters (AddParameter): Name = "MF"; Value = ""; VariantName = "[No Variations]"
Change component parameters (AddParameter): Name = "MP"; Value = "LM317AMDT/NOPB"; VariantName = "[No Variations]"
Change component parameters (AddParameter): Name = "Package"; Value = "None"; VariantName = "[No Variations]"
Change component parameters (AddParameter): Name = "Price"; Value = "None"; VariantName = "[No Variations]"
Change component parameters (AddParameter): Name = "Value"; Value = ""; VariantName = "[No Variations]"
Change component parameters: Designator = "VR2" ("VR2"); Footprint = "TO228P991X255-3N"; UniqueID = "\BZMWWWFD\DKXDNELA" ("\BZMWWWFD\DKXDNELA")
Change component parameters (AddParameter): Name = "Availability"; Value = "Unavailable"; VariantName = "[No Variations]"
Change component parameters (AddParameter): Name = "MF"; Value = ""; VariantName = "[No Variations]"
Change component parameters (AddParameter): Name = "MP"; Value = "LM317AMDT/NOPB"; VariantName = "[No Variations]"
Change component parameters (AddParameter): Name = "Package"; Value = "None"; VariantName = "[No Variations]"
Change component parameters (AddParameter): Name = "Price"; Value = "None"; VariantName = "[No Variations]"
Change component parameters (AddParameter): Name = "Value"; Value = ""; VariantName = "[No Variations]"
Change Class Name : Old Net Name=maida_2 New Net Name=U_Gagabiro_power_supply
Added Member To Class: ClassName=U_Gagabiro_power_supply Member=Component *1 LM329
Added Member To Class: ClassName=U_Gagabiro_power_supply Member=Component B1 LM337KVURG3
Added Member To Class: ClassName=U_Gagabiro_power_supply Member=Component C5 1uF
Added Member To Class: ClassName=U_Gagabiro_power_supply Member=Component C6 1uF
Added Member To Class: ClassName=U_Gagabiro_power_supply Member=Component C7 1uF
Added Member To Class: ClassName=U_Gagabiro_power_supply Member=Component C8 1uF
Added Member To Class: ClassName=U_Gagabiro_power_supply Member=Component C9 CAP_EL_220u_450V
Added Member To Class: ClassName=U_Gagabiro_power_supply Member=Component C18 CAP_EL_2200u_stand
Added Member To Class: ClassName=U_Gagabiro_power_supply Member=Component C19 CAP_EL_47u_stand
Added Member To Class: ClassName=U_Gagabiro_power_supply Member=Component C20 CAP_EL_47u_stand
Added Member To Class: ClassName=U_Gagabiro_power_supply Member=Component C21 100nF
Added Member To Class: ClassName=U_Gagabiro_power_supply Member=Component D3 1N4735A
Added Member To Class: ClassName=U_Gagabiro_power_supply Member=Component D4 1N4001G
Added Member To Class: ClassName=U_Gagabiro_power_supply Member=Component D6 1N4001G
Added Member To Class: ClassName=U_Gagabiro_power_supply Member=Component D7 1N4001G
Added Member To Class: ClassName=U_Gagabiro_power_supply Member=Component D8 1N4001G
Added Member To Class: ClassName=U_Gagabiro_power_supply Member=Component D9 1N4001G
Added Member To Class: ClassName=U_Gagabiro_power_supply Member=Component D10 1N4001G
Added Member To Class: ClassName=U_Gagabiro_power_supply Member=Component D11 1N4001G
Added Member To Class: ClassName=U_Gagabiro_power_supply Member=Component D12 1N4001G
Added Member To Class: ClassName=U_Gagabiro_power_supply Member=Component D13 1N4001G
Added Member To Class: ClassName=U_Gagabiro_power_supply Member=Component D14 1N4001G
Added Member To Class: ClassName=U_Gagabiro_power_supply Member=Component D15 1N4001G
Added Member To Class: ClassName=U_Gagabiro_power_supply Member=Component Q3 TIP50
Added Member To Class: ClassName=U_Gagabiro_power_supply Member=Component Q4 TIP50_heatsink
Added Member To Class: ClassName=U_Gagabiro_power_supply Member=Component R14 100K
Added Member To Class: ClassName=U_Gagabiro_power_supply Member=Component R15 1k
Added Member To Class: ClassName=U_Gagabiro_power_supply Member=Component R16 10R
Added Member To Class: ClassName=U_Gagabiro_power_supply Member=Component R17 1K5
Added Member To Class: ClassName=U_Gagabiro_power_supply Member=Component R18 1k
Added Member To Class: ClassName=U_Gagabiro_power_supply Member=Component R19 2R7
Added Member To Class: ClassName=U_Gagabiro_power_supply Member=Component R20 100R
Added Member To Class: ClassName=U_Gagabiro_power_supply Member=Component R21 36K
Added Member To Class: ClassName=U_Gagabiro_power_supply Member=Component R22 36K
Added Member To Class: ClassName=U_Gagabiro_power_supply Member=Component R23 NC
Added Member To Class: ClassName=U_Gagabiro_power_supply Member=Component R24 NC
Added Member To Class: ClassName=U_Gagabiro_power_supply Member=Component R25 36K
Added Member To Class: ClassName=U_Gagabiro_power_supply Member=Component R26 36K
Added Member To Class: ClassName=U_Gagabiro_power_supply Member=Component R47 1K5
Added Member To Class: ClassName=U_Gagabiro_power_supply Member=Component R48 150R
Added Member To Class: ClassName=U_Gagabiro_power_supply Member=Component RV4 TRIMMER_100R
Added Member To Class: ClassName=U_Gagabiro_power_supply Member=Component VR2 LM317AMDT/NOPB
