Change Footprint: Cannot match pads with new footprint in component :V1A Footprint:12A_7
Change Footprint: Cannot match pads with new footprint in component :V1B Footprint:12A_7
Change Footprint: Cannot match pads with new footprint in component :V2A Footprint:12A_7
Added Component: Designator=V2B(12A_7)
Add component (AddParameter): Name = "Check_prices"; Value = "https://www.snapeda.com/parts/12AX7/RCA/view-part/?ref=eda"; VariantName = "[No Variations]"
Add component (AddParameter): Name = "MF"; Value = "RCA"; VariantName = "[No Variations]"
Add component (AddParameter): Name = "MP"; Value = "12AX7"; VariantName = "[No Variations]"
Add component (AddParameter): Name = "Package"; Value = "None"; VariantName = "[No Variations]"
Add component (AddParameter): Name = "SnapEDA_Link"; Value = "https://www.snapeda.com/parts/12AX7/RCA/view-part/?ref=snap"; VariantName = "[No Variations]"
Add component (AddParameter): Name = "Value"; Value = ""; VariantName = "[No Variations]"
Added Pin To Net: NetName=NetC10B_1 Pin=V2B-1
Added Pin To Net: NetName=NetR33B_2 Pin=V2B-2
Added Pin To Net: NetName=NetRV3B_3 Pin=V2B-3
Added Pin To Net: NetName=6V3+ Pin=V2B-4
Added Pin To Net: NetName=6V3+ Pin=V2B-4
Added Pin To Net: NetName=6V3+ Pin=V2B-5
Added Pin To Net: NetName=6V3+ Pin=V2B-5
Added Pin To Net: NetName=NetC11B_1 Pin=V2B-6
Added Pin To Net: NetName=NetR34B_1 Pin=V2B-7
Added Pin To Net: NetName=NetRV3B_1 Pin=V2B-8
Added Pin To Net: NetName=6V3- Pin=V2B-9
Added Pin To Net: NetName=6V3- Pin=V2B-9
Added Pin To Net: NetName=6V3- Pin=V2B-9
Added Member To Class: ClassName=U_Gagabiro_main2 Member=Component V2B (V2A) 12AU7
