Removed Pin From Net: NetName=Net*_2 Pin=*-2
Removed Pin From Net: NetName=Net*_3 Pin=*-3
Change Component Designator: OldDesignator=* NewDesignator=*B
Change Component Designator: OldDesignator=C1 NewDesignator=C1A
Change Component Designator: OldDesignator=C1A NewDesignator=C1B
Change Component Designator: OldDesignator=C2 NewDesignator=C2A
Change Component Designator: OldDesignator=C2A NewDesignator=C2B
Change Component Designator: OldDesignator=C3 NewDesignator=C3A
Change Component Designator: OldDesignator=C3A NewDesignator=C3B
Change Component Designator: OldDesignator=C4 NewDesignator=C4A
Change Component Designator: OldDesignator=C4A NewDesignator=C4B
Change Component Designator: OldDesignator=D1 NewDesignator=D1A
Change Component Designator: OldDesignator=D1A NewDesignator=D1B
Change Component Designator: OldDesignator=D2 NewDesignator=D2A
Change Component Designator: OldDesignator=D2A NewDesignator=D2B
Change Component Designator: OldDesignator=Q1 NewDesignator=Q1A
Change Component Designator: OldDesignator=Q1A NewDesignator=Q1B
Change Component Designator: OldDesignator=Q2 NewDesignator=Q2A
Change Component Designator: OldDesignator=Q2A NewDesignator=Q2B
Change Component Designator: OldDesignator=R1 NewDesignator=R1A
Change Component Designator: OldDesignator=R1A NewDesignator=R1B
Change Component Designator: OldDesignator=R2 NewDesignator=R2A
Change Component Designator: OldDesignator=R2A NewDesignator=R2B
Change Component Designator: OldDesignator=R3 NewDesignator=R3A
Change Component Designator: OldDesignator=R3A NewDesignator=R3B
Change Component Designator: OldDesignator=R4 NewDesignator=R4A
Change Component Designator: OldDesignator=R4A NewDesignator=R4B
Change Component Designator: OldDesignator=R5 NewDesignator=R5A
Change Component Designator: OldDesignator=R5A NewDesignator=R5B
Change Component Designator: OldDesignator=R6 NewDesignator=R6A
Change Component Designator: OldDesignator=R6A NewDesignator=R6B
Change Component Designator: OldDesignator=R7 NewDesignator=R7A
Change Component Designator: OldDesignator=R7A NewDesignator=R7B
Change Component Designator: OldDesignator=R8 NewDesignator=R8A
Change Component Designator: OldDesignator=R8A NewDesignator=R8B
Change Component Designator: OldDesignator=R9 NewDesignator=R9A
Change Component Designator: OldDesignator=R9A NewDesignator=R9B
Change Component Designator: OldDesignator=R10 NewDesignator=R10A
Change Component Designator: OldDesignator=R10A NewDesignator=R10B
Change Component Designator: OldDesignator=R11 NewDesignator=R11A
Change Component Designator: OldDesignator=R11A NewDesignator=R11B
Change Component Designator: OldDesignator=R12 NewDesignator=R12A
Change Component Designator: OldDesignator=R12A NewDesignator=R12B
Change Component Designator: OldDesignator=R13 NewDesignator=R13A
Change Component Designator: OldDesignator=R13A NewDesignator=R13B
Change Component Designator: OldDesignator=VR1 NewDesignator=VR1A
Change Component Designator: OldDesignator=VR1A NewDesignator=VR1B
Added Pin To Net: NetName=Net*_2 Pin=*A-2
Added Pin To Net: NetName=Net*_3 Pin=*A-3
Added Pin To Net: NetName=GND Pin=C2B-1
Added Pin To Net: NetName=GND Pin=C3B-1
Added Pin To Net: NetName=GND Pin=C4B-1
Added Pin To Net: NetName=GND Pin=R10B-1
Added Pin To Net: NetName=GND Pin=R11B-1
Change Net Name : Old Net Name=Net*_2 New Net Name=Net*A_2
Change Net Name : Old Net Name=Net*_3 New Net Name=Net*A_3
Change Net Name : Old Net Name=NetC1_2 New Net Name=NetC1A_2
Change Net Name : Old Net Name=NetC2_2 New Net Name=NetC2A_2
Change Net Name : Old Net Name=NetD1_1 New Net Name=NetD1A_1
Change Net Name : Old Net Name=NetQ1_3 New Net Name=NetQ1A_3
Change Net Name : Old Net Name=NetQ2_3 New Net Name=NetQ2A_3
Change Net Name : Old Net Name=NetR3_1 New Net Name=NetR3A_1
Change Net Name : Old Net Name=NetR8_1 New Net Name=NetR8A_1
Added Pin To Net: NetName=MAIDA_INB Pin=C4B-2
Added Pin To Net: NetName=MAIDA_INB Pin=Q1B-2
Added Pin To Net: NetName=MAIDA_INB Pin=Q2B-2
Added Pin To Net: NetName=MAIDA_INB Pin=R1B-1
Added Net: Name=MAIDA_INB
Added Pin To Net: NetName=MAIDA_OUTB Pin=C3B-2
Added Pin To Net: NetName=MAIDA_OUTB Pin=D1B-2
Added Pin To Net: NetName=MAIDA_OUTB Pin=D2B-C
Added Pin To Net: NetName=MAIDA_OUTB Pin=R4B-2
Added Pin To Net: NetName=MAIDA_OUTB Pin=R5B-2
Added Pin To Net: NetName=MAIDA_OUTB Pin=R6B-2
Added Pin To Net: NetName=MAIDA_OUTB Pin=VR1B-4
Added Net: Name=MAIDA_OUTB
Added Pin To Net: NetName=Net*B_2 Pin=*B-2
Added Pin To Net: NetName=Net*B_2 Pin=R4B-1
Added Pin To Net: NetName=Net*B_2 Pin=R7B-2
Added Pin To Net: NetName=Net*B_2 Pin=VR1B-1
Added Net: Name=Net*B_2
Added Pin To Net: NetName=Net*B_3 Pin=*B-3
Added Pin To Net: NetName=Net*B_3 Pin=R5B-1
Added Pin To Net: NetName=Net*B_3 Pin=R8B-2
Added Pin To Net: NetName=Net*B_3 Pin=R9B-2
Added Pin To Net: NetName=Net*B_3 Pin=R10B-2
Added Pin To Net: NetName=Net*B_3 Pin=R11B-2
Added Net: Name=Net*B_3
Added Pin To Net: NetName=NetC1B_2 Pin=C1B-2
Added Pin To Net: NetName=NetC1B_2 Pin=R6B-1
Added Net: Name=NetC1B_2
Added Pin To Net: NetName=NetC2B_2 Pin=C2B-2
Added Pin To Net: NetName=NetC2B_2 Pin=D2B-A
Added Pin To Net: NetName=NetC2B_2 Pin=R7B-1
Added Net: Name=NetC2B_2
Added Pin To Net: NetName=NetD1B_1 Pin=D1B-1
Added Pin To Net: NetName=NetD1B_1 Pin=Q1B-1
Added Pin To Net: NetName=NetD1B_1 Pin=R1B-2
Added Net: Name=NetD1B_1
Added Pin To Net: NetName=NetQ1B_3 Pin=Q1B-3
Added Pin To Net: NetName=NetQ1B_3 Pin=Q2B-1
Added Pin To Net: NetName=NetQ1B_3 Pin=R2B-2
Added Net: Name=NetQ1B_3
Added Pin To Net: NetName=NetQ2B_3 Pin=Q2B-3
Added Pin To Net: NetName=NetQ2B_3 Pin=R2B-1
Added Pin To Net: NetName=NetQ2B_3 Pin=R3B-2
Added Net: Name=NetQ2B_3
Added Pin To Net: NetName=NetR3B_1 Pin=R3B-1
Added Pin To Net: NetName=NetR3B_1 Pin=VR1B-3
Added Net: Name=NetR3B_1
Added Pin To Net: NetName=NetR8B_1 Pin=R8B-1
Added Pin To Net: NetName=NetR8B_1 Pin=R9B-1
Added Pin To Net: NetName=NetR8B_1 Pin=R12B-2
Added Pin To Net: NetName=NetR8B_1 Pin=R13B-2
Added Net: Name=NetR8B_1
Added Member To Class: ClassName=U_Gagabiro_power_supply_maida2 Member=Component *B (*) LM329
Added Member To Class: ClassName=U_Gagabiro_power_supply_maida2 Member=Component C1B (C1) 1uF
Added Member To Class: ClassName=U_Gagabiro_power_supply_maida2 Member=Component C2B (C2) 1uF
Added Member To Class: ClassName=U_Gagabiro_power_supply_maida2 Member=Component C3B (C3) 1uF
Added Member To Class: ClassName=U_Gagabiro_power_supply_maida2 Member=Component C4B (C4) 1uF
Added Member To Class: ClassName=U_Gagabiro_power_supply_maida2 Member=Component D1B (D1) 1N4735A
Added Member To Class: ClassName=U_Gagabiro_power_supply_maida2 Member=Component D2B (D2) 1N4001G
Added Member To Class: ClassName=U_Gagabiro_power_supply_maida2 Member=Component Q1B (Q1) TIP50
Added Member To Class: ClassName=U_Gagabiro_power_supply_maida2 Member=Component Q2B (Q2) TIP50_heatsink
Added Member To Class: ClassName=U_Gagabiro_power_supply_maida2 Member=Component R1B (R1) 100K
Added Member To Class: ClassName=U_Gagabiro_power_supply_maida2 Member=Component R2B (R2) 1k
Added Member To Class: ClassName=U_Gagabiro_power_supply_maida2 Member=Component R3B (R3) 10R
Added Member To Class: ClassName=U_Gagabiro_power_supply_maida2 Member=Component R4B (R4) 1K5
Added Member To Class: ClassName=U_Gagabiro_power_supply_maida2 Member=Component R5B (R5) 1k
Added Member To Class: ClassName=U_Gagabiro_power_supply_maida2 Member=Component R6B (R6) 2R7
Added Member To Class: ClassName=U_Gagabiro_power_supply_maida2 Member=Component R7B (R7) 100R
Added Member To Class: ClassName=U_Gagabiro_power_supply_maida2 Member=Component R8B (R8) 36K
Added Member To Class: ClassName=U_Gagabiro_power_supply_maida2 Member=Component R9B (R9) 36K
Added Member To Class: ClassName=U_Gagabiro_power_supply_maida2 Member=Component R10B (R10) NC
Added Member To Class: ClassName=U_Gagabiro_power_supply_maida2 Member=Component R11B (R11) NC
Added Member To Class: ClassName=U_Gagabiro_power_supply_maida2 Member=Component R12B (R12) 36K
Added Member To Class: ClassName=U_Gagabiro_power_supply_maida2 Member=Component R13B (R13) 36K
Added Member To Class: ClassName=U_Gagabiro_power_supply_maida2 Member=Component VR1B (VR1) LM317AMDT/NOPB
