Change Component Designator: OldDesignator=*A NewDesignator=*B
Change Component Designator: OldDesignator=*B NewDesignator=*A
Change Component Designator: OldDesignator=C1A NewDesignator=C1B
Change Component Designator: OldDesignator=C1B NewDesignator=C1A
Change Component Designator: OldDesignator=C2A NewDesignator=C2B
Change Component Designator: OldDesignator=C2B NewDesignator=C2A
Change Component Designator: OldDesignator=C3A NewDesignator=C3B
Change Component Designator: OldDesignator=C3B NewDesignator=C3A
Change Component Designator: OldDesignator=C4A NewDesignator=C4B
Change Component Designator: OldDesignator=C4B NewDesignator=C4A
Change Component Designator: OldDesignator=D1A NewDesignator=D1B
Change Component Designator: OldDesignator=D1B NewDesignator=D1A
Change Component Designator: OldDesignator=D2A NewDesignator=D2B
Change Component Designator: OldDesignator=D2B NewDesignator=D2A
Change Component Designator: OldDesignator=Q1A NewDesignator=Q1B
Change Component Designator: OldDesignator=Q1B NewDesignator=Q1A
Change Component Designator: OldDesignator=Q2A NewDesignator=Q2B
Change Component Designator: OldDesignator=Q2B NewDesignator=Q2A
Change Component Designator: OldDesignator=R1A NewDesignator=R1B
Change Component Designator: OldDesignator=R1B NewDesignator=R1A
Change Component Designator: OldDesignator=R2A NewDesignator=R2B
Change Component Designator: OldDesignator=R2B NewDesignator=R2A
Change Component Designator: OldDesignator=R3A NewDesignator=R3B
Change Component Designator: OldDesignator=R3B NewDesignator=R3A
Change Component Designator: OldDesignator=R4A NewDesignator=R4B
Change Component Designator: OldDesignator=R4B NewDesignator=R4A
Change Component Designator: OldDesignator=R5A NewDesignator=R5B
Change Component Designator: OldDesignator=R5B NewDesignator=R5A
Change Component Designator: OldDesignator=R6A NewDesignator=R6B
Change Component Designator: OldDesignator=R6B NewDesignator=R6A
Change Component Designator: OldDesignator=R7A NewDesignator=R7B
Change Component Designator: OldDesignator=R7B NewDesignator=R7A
Change Component Designator: OldDesignator=R8A NewDesignator=R8B
Change Component Designator: OldDesignator=R8B NewDesignator=R8A
Change Component Designator: OldDesignator=R9A NewDesignator=R9B
Change Component Designator: OldDesignator=R9B NewDesignator=R9A
Change Component Designator: OldDesignator=R10A NewDesignator=R10B
Change Component Designator: OldDesignator=R10B NewDesignator=R10A
Change Component Designator: OldDesignator=R11A NewDesignator=R11B
Change Component Designator: OldDesignator=R11B NewDesignator=R11A
Change Component Designator: OldDesignator=R12A NewDesignator=R12B
Change Component Designator: OldDesignator=R12B NewDesignator=R12A
Change Component Designator: OldDesignator=R13A NewDesignator=R13B
Change Component Designator: OldDesignator=R13B NewDesignator=R13A
Change Component Designator: OldDesignator=VR1A NewDesignator=VR1B
Change Component Designator: OldDesignator=VR1B NewDesignator=VR1A
Added Pin To Net: NetName=MAIDA_OUTA Pin=C3A-2
Added Pin To Net: NetName=MAIDA_INA Pin=C4A-2
Added Pin To Net: NetName=MAIDA_OUTA Pin=D1A-2
Added Pin To Net: NetName=MAIDA_OUTA Pin=D2A-C
Added Pin To Net: NetName=MAIDA_INA Pin=Q1A-2
Added Pin To Net: NetName=MAIDA_INA Pin=Q2A-2
Added Pin To Net: NetName=MAIDA_INA Pin=R1A-1
Added Pin To Net: NetName=MAIDA_OUTA Pin=R4A-2
Added Pin To Net: NetName=MAIDA_OUTA Pin=R5A-2
Added Pin To Net: NetName=MAIDA_OUTA Pin=R6A-2
Added Pin To Net: NetName=MAIDA_OUTA Pin=VR1A-4
Change Net Name : Old Net Name=Net*A_2 New Net Name=Net*B_2
Change Net Name : Old Net Name=Net*A_3 New Net Name=Net*B_3
Change Net Name : Old Net Name=Net*B_2 New Net Name=Net*A_2
Change Net Name : Old Net Name=Net*B_3 New Net Name=Net*A_3
Change Net Name : Old Net Name=NetC1A_2 New Net Name=NetC1B_2
Change Net Name : Old Net Name=NetC1B_2 New Net Name=NetC1A_2
Change Net Name : Old Net Name=NetC2A_2 New Net Name=NetC2B_2
Change Net Name : Old Net Name=NetC2B_2 New Net Name=NetC2A_2
Change Net Name : Old Net Name=NetD1A_1 New Net Name=NetD1B_1
Change Net Name : Old Net Name=NetD1B_1 New Net Name=NetD1A_1
Change Net Name : Old Net Name=NetQ1A_3 New Net Name=NetQ1B_3
Change Net Name : Old Net Name=NetQ1B_3 New Net Name=NetQ1A_3
Change Net Name : Old Net Name=NetQ2A_3 New Net Name=NetQ2B_3
Change Net Name : Old Net Name=NetQ2B_3 New Net Name=NetQ2A_3
Change Net Name : Old Net Name=NetR3A_1 New Net Name=NetR3B_1
Change Net Name : Old Net Name=NetR3B_1 New Net Name=NetR3A_1
Change Net Name : Old Net Name=NetR8A_1 New Net Name=NetR8B_1
Change Net Name : Old Net Name=NetR8B_1 New Net Name=NetR8A_1
