Removed Pin From Net: NetName=MAIDA_OUT2 Pin=P5-1
Removed Pin From Net: NetName=GND Pin=P5-2
Removed Pin From Net: NetName=NetR8B_1 Pin=Q1A-3
Removed Pin From Net: NetName=NetR8B_1 Pin=Q1B-3
Removed Pin From Net: NetName=NetR8B_1 Pin=Q2A-1
Removed Pin From Net: NetName=NetR8B_1 Pin=Q2B-1
Removed Pin From Net: NetName=NetR8B_1 Pin=R2A-2
Removed Pin From Net: NetName=NetR8B_1 Pin=R2B-2
Removed Member From Class: ClassName=U_Gagabiro_supply_interface Member=P5
Change Component Designator: OldDesignator=*A NewDesignator=*_U_Gagabiro_supply_maida1
Change Component Designator: OldDesignator=*B NewDesignator=*_U_Gagabiro_supply_maida2
Change Component Designator: OldDesignator=C1A NewDesignator=C1_U_Gagabiro_supply_maida1
Change Component Designator: OldDesignator=C1B NewDesignator=C1_U_Gagabiro_supply_maida2
Change Component Designator: OldDesignator=C2A NewDesignator=C2_U_Gagabiro_supply_maida1
Change Component Designator: OldDesignator=C2B NewDesignator=C2_U_Gagabiro_supply_maida2
Change Component Designator: OldDesignator=C3A NewDesignator=C3_U_Gagabiro_supply_maida1
Change Component Designator: OldDesignator=C3B NewDesignator=C3_U_Gagabiro_supply_maida2
Change Component Designator: OldDesignator=C4A NewDesignator=C4_U_Gagabiro_supply_maida1
Change Component Designator: OldDesignator=C4B NewDesignator=C4_U_Gagabiro_supply_maida2
Change Component Designator: OldDesignator=D1A NewDesignator=D1_U_Gagabiro_supply_maida1
Change Component Designator: OldDesignator=D1B NewDesignator=D1_U_Gagabiro_supply_maida2
Change Component Designator: OldDesignator=D2A NewDesignator=D2_U_Gagabiro_supply_maida1
Change Component Designator: OldDesignator=D2B NewDesignator=D2_U_Gagabiro_supply_maida2
Change Component Designator: OldDesignator=Q1A NewDesignator=Q1_U_Gagabiro_supply_maida1
Change Component Designator: OldDesignator=Q1B NewDesignator=Q1_U_Gagabiro_supply_maida2
Change Component Designator: OldDesignator=Q2A NewDesignator=Q2_U_Gagabiro_supply_maida1
Change Component Designator: OldDesignator=Q2B NewDesignator=Q2_U_Gagabiro_supply_maida2
Change Component Designator: OldDesignator=R1A NewDesignator=R1_U_Gagabiro_supply_maida1
Change Component Designator: OldDesignator=R1B NewDesignator=R1_U_Gagabiro_supply_maida2
Change Component Designator: OldDesignator=R2A NewDesignator=R2_U_Gagabiro_supply_maida1
Change Component Designator: OldDesignator=R2B NewDesignator=R2_U_Gagabiro_supply_maida2
Change Component Designator: OldDesignator=R3A NewDesignator=R3_U_Gagabiro_supply_maida1
Change Component Designator: OldDesignator=R3B NewDesignator=R3_U_Gagabiro_supply_maida2
Change Component Designator: OldDesignator=R4A NewDesignator=R4_U_Gagabiro_supply_maida1
Change Component Designator: OldDesignator=R4B NewDesignator=R4_U_Gagabiro_supply_maida2
Change Component Designator: OldDesignator=R5A NewDesignator=R5_U_Gagabiro_supply_maida1
Change Component Designator: OldDesignator=R5B NewDesignator=R5_U_Gagabiro_supply_maida2
Change Component Designator: OldDesignator=R6A NewDesignator=R6_U_Gagabiro_supply_maida1
Change Component Designator: OldDesignator=R6B NewDesignator=R6_U_Gagabiro_supply_maida2
Change Component Designator: OldDesignator=R7A NewDesignator=R7_U_Gagabiro_supply_maida1
Change Component Designator: OldDesignator=R7B NewDesignator=R7_U_Gagabiro_supply_maida2
Change Component Designator: OldDesignator=R8A NewDesignator=R8_U_Gagabiro_supply_maida1
Change Component Designator: OldDesignator=R8B NewDesignator=R8_U_Gagabiro_supply_maida2
Change Component Designator: OldDesignator=R9A NewDesignator=R9_U_Gagabiro_supply_maida1
Change Component Designator: OldDesignator=R9B NewDesignator=R9_U_Gagabiro_supply_maida2
Change Component Designator: OldDesignator=R10A NewDesignator=R10_U_Gagabiro_supply_maida1
Change Component Designator: OldDesignator=R10B NewDesignator=R10_U_Gagabiro_supply_maida2
Change Component Designator: OldDesignator=R11A NewDesignator=R11_U_Gagabiro_supply_maida1
Change Component Designator: OldDesignator=R11B NewDesignator=R11_U_Gagabiro_supply_maida2
Change Component Designator: OldDesignator=R12A NewDesignator=R12_U_Gagabiro_supply_maida1
Change Component Designator: OldDesignator=R12B NewDesignator=R12_U_Gagabiro_supply_maida2
Change Component Designator: OldDesignator=R13A NewDesignator=R13_U_Gagabiro_supply_maida1
Change Component Designator: OldDesignator=R13B NewDesignator=R13_U_Gagabiro_supply_maida2
Change Component Designator: OldDesignator=VR1A NewDesignator=VR1_U_Gagabiro_supply_maida1
Change Component Designator: OldDesignator=VR1B NewDesignator=VR1_U_Gagabiro_supply_maida2
Added Component: Designator=P?(MOLEX_1726480102)
Add component (AddParameter): Name = "Availability"; Value = "In Stock"; VariantName = "[No Variations]"
Add component (AddParameter): Name = "Check_prices"; Value = "https://www.snapeda.com/parts/S2B-PH-SM4-TB/JST+Sales+America+Inc./view-part/?ref=eda"; VariantName = "[No Variations]"
Add component (AddParameter): Name = "MF"; Value = "JST Sales"; VariantName = "[No Variations]"
Add component (AddParameter): Name = "MP"; Value = "S2B-PH-SM4-TB"; VariantName = "[No Variations]"
Add component (AddParameter): Name = "Package"; Value = "None"; VariantName = "[No Variations]"
Add component (AddParameter): Name = "Price"; Value = "None"; VariantName = "[No Variations]"
Add component (AddParameter): Name = "Purchase-URL"; Value = "https://pricing.snapeda.com/search/part/S2B-PH-SM4-TB/?ref=eda"; VariantName = "[No Variations]"
Add component (AddParameter): Name = "SnapEDA_Link"; Value = "https://www.snapeda.com/parts/S2B-PH-SM4-TB/JST+Sales+America+Inc./view-part/?ref=snap"; VariantName = "[No Variations]"
Add component (AddParameter): Name = "Value"; Value = ""; VariantName = "[No Variations]"
Added Pin To Net: NetName=MAIDA_OUT2 Pin=P?-1
Added Pin To Net: NetName=GND Pin=P?-2
Change Net Name : Old Net Name=Net*A_2 New Net Name=Net*_U_Gagabiro_supply_maida1_2
Change Net Name : Old Net Name=Net*A_3 New Net Name=Net*_U_Gagabiro_supply_maida1_3
Change Net Name : Old Net Name=Net*B_2 New Net Name=Net*_U_Gagabiro_supply_maida2_2
Change Net Name : Old Net Name=Net*B_3 New Net Name=Net*_U_Gagabiro_supply_maida2_3
Change Net Name : Old Net Name=NetC1A_2 New Net Name=NetC1_U_Gagabiro_supply_maida1_2
Change Net Name : Old Net Name=NetC1B_2 New Net Name=NetC1_U_Gagabiro_supply_maida2_2
Change Net Name : Old Net Name=NetC2A_2 New Net Name=NetC2_U_Gagabiro_supply_maida1_2
Change Net Name : Old Net Name=NetC2B_2 New Net Name=NetC2_U_Gagabiro_supply_maida2_2
Change Net Name : Old Net Name=NetD1A_1 New Net Name=NetD1_U_Gagabiro_supply_maida1_1
Change Net Name : Old Net Name=NetD1B_1 New Net Name=NetD1_U_Gagabiro_supply_maida2_1
Change Net Name : Old Net Name=NetQ2A_3 New Net Name=NetQ2_U_Gagabiro_supply_maida1_3
Change Net Name : Old Net Name=NetQ2B_3 New Net Name=NetQ2_U_Gagabiro_supply_maida2_3
Change Net Name : Old Net Name=NetR3A_1 New Net Name=NetR3_U_Gagabiro_supply_maida1_1
Change Net Name : Old Net Name=NetR3B_1 New Net Name=NetR3_U_Gagabiro_supply_maida2_1
Change Net Name : Old Net Name=NetR8A_1 New Net Name=NetR8_U_Gagabiro_supply_maida1_1
Change Net Name : Old Net Name=NetR8B_1 New Net Name=NetR8_U_Gagabiro_supply_maida2_1
Added Pin To Net: NetName=NetQ1_U_Gagabiro_supply_maida1_3 Pin=Q1_U_Gagabiro_supply_maida1-3
Added Pin To Net: NetName=NetQ1_U_Gagabiro_supply_maida1_3 Pin=Q2_U_Gagabiro_supply_maida1-1
Added Pin To Net: NetName=NetQ1_U_Gagabiro_supply_maida1_3 Pin=R2_U_Gagabiro_supply_maida1-2
Added Net: Name=NetQ1_U_Gagabiro_supply_maida1_3
Added Pin To Net: NetName=NetQ1_U_Gagabiro_supply_maida2_3 Pin=Q1_U_Gagabiro_supply_maida2-3
Added Pin To Net: NetName=NetQ1_U_Gagabiro_supply_maida2_3 Pin=Q2_U_Gagabiro_supply_maida2-1
Added Pin To Net: NetName=NetQ1_U_Gagabiro_supply_maida2_3 Pin=R2_U_Gagabiro_supply_maida2-2
Added Net: Name=NetQ1_U_Gagabiro_supply_maida2_3
Added Member To Class: ClassName=U_Gagabiro_supply_interface Member=Component P? 1726480102
