Added Component: Designator=VR1A(TO228P991X255-3N)
Add component (AddParameter): Name = "Availability"; Value = "Unavailable"; VariantName = "[No Variations]"
Add component (AddParameter): Name = "MF"; Value = ""; VariantName = "[No Variations]"
Add component (AddParameter): Name = "MP"; Value = "LM317AMDT/NOPB"; VariantName = "[No Variations]"
Add component (AddParameter): Name = "Package"; Value = "None"; VariantName = "[No Variations]"
Add component (AddParameter): Name = "Price"; Value = "None"; VariantName = "[No Variations]"
Add component (AddParameter): Name = "Value"; Value = ""; VariantName = "[No Variations]"
Added Component: Designator=VR1B(TO228P991X255-3N)
Add component (AddParameter): Name = "Availability"; Value = "Unavailable"; VariantName = "[No Variations]"
Add component (AddParameter): Name = "MF"; Value = ""; VariantName = "[No Variations]"
Add component (AddParameter): Name = "MP"; Value = "LM317AMDT/NOPB"; VariantName = "[No Variations]"
Add component (AddParameter): Name = "Package"; Value = "None"; VariantName = "[No Variations]"
Add component (AddParameter): Name = "Price"; Value = "None"; VariantName = "[No Variations]"
Add component (AddParameter): Name = "Value"; Value = ""; VariantName = "[No Variations]"
Added Pin To Net: NetName=Net*A_2 Pin=VR1A-1
Added Pin To Net: NetName=NetR3A_1 Pin=VR1A-3
Added Pin To Net: NetName=NetC3A_2 Pin=VR1A-4
Added Pin To Net: NetName=Net*B_2 Pin=VR1B-1
Added Pin To Net: NetName=NetR3B_1 Pin=VR1B-3
Added Pin To Net: NetName=NetC3B_2 Pin=VR1B-4
Added Member To Class: ClassName=U_Gagabiro_supply_maida1 Member=Component VR1A (VR1) LM317AMDT/NOPB
Added Member To Class: ClassName=U_Gagabiro_supply_maida2 Member=Component VR1B (VR1) LM317AMDT/NOPB
