Change Component Designator: OldDesignator=* NewDesignator=*_U_Gagabiro_supply_maida1
Change Component Designator: OldDesignator=*_U_Gagabiro_supply_maida1 NewDesignator=*_U_Gagabiro_supply_maida2
Change Component Designator: OldDesignator=C1 NewDesignator=C1_U_Gagabiro_supply_maida1
Change Component Designator: OldDesignator=C1_U_Gagabiro_supply_maida1 NewDesignator=C1_U_Gagabiro_supply_maida2
Change Component Designator: OldDesignator=C2 NewDesignator=C2_U_Gagabiro_supply_maida1
Change Component Designator: OldDesignator=C2_U_Gagabiro_supply_maida1 NewDesignator=C2_U_Gagabiro_supply_maida2
Change Component Designator: OldDesignator=C3 NewDesignator=C3_U_Gagabiro_supply_maida1
Change Component Designator: OldDesignator=C3_U_Gagabiro_supply_maida1 NewDesignator=C3_U_Gagabiro_supply_maida2
Change Component Designator: OldDesignator=C4 NewDesignator=C4_U_Gagabiro_supply_maida1
Change Component Designator: OldDesignator=C4_U_Gagabiro_supply_maida1 NewDesignator=C4_U_Gagabiro_supply_maida2
Change Component Designator: OldDesignator=D1 NewDesignator=D1_U_Gagabiro_supply_maida1
Change Component Designator: OldDesignator=D1_U_Gagabiro_supply_maida1 NewDesignator=D1_U_Gagabiro_supply_maida2
Change Component Designator: OldDesignator=D2 NewDesignator=D2_U_Gagabiro_supply_maida1
Change Component Designator: OldDesignator=D2_U_Gagabiro_supply_maida1 NewDesignator=D2_U_Gagabiro_supply_maida2
Change Component Designator: OldDesignator=Q1 NewDesignator=Q1_U_Gagabiro_supply_maida1
Change Component Designator: OldDesignator=Q1_U_Gagabiro_supply_maida1 NewDesignator=Q1_U_Gagabiro_supply_maida2
Change Component Designator: OldDesignator=Q2 NewDesignator=Q2_U_Gagabiro_supply_maida1
Change Component Designator: OldDesignator=Q2_U_Gagabiro_supply_maida1 NewDesignator=Q2_U_Gagabiro_supply_maida2
Change Component Designator: OldDesignator=R1 NewDesignator=R1_U_Gagabiro_supply_maida1
Change Component Designator: OldDesignator=R1_U_Gagabiro_supply_maida1 NewDesignator=R1_U_Gagabiro_supply_maida2
Change Component Designator: OldDesignator=R2 NewDesignator=R2_U_Gagabiro_supply_maida1
Change Component Designator: OldDesignator=R2_U_Gagabiro_supply_maida1 NewDesignator=R2_U_Gagabiro_supply_maida2
Change Component Designator: OldDesignator=R3 NewDesignator=R3_U_Gagabiro_supply_maida1
Change Component Designator: OldDesignator=R3_U_Gagabiro_supply_maida1 NewDesignator=R3_U_Gagabiro_supply_maida2
Change Component Designator: OldDesignator=R4 NewDesignator=R4_U_Gagabiro_supply_maida1
Change Component Designator: OldDesignator=R4_U_Gagabiro_supply_maida1 NewDesignator=R4_U_Gagabiro_supply_maida2
Change Component Designator: OldDesignator=R5 NewDesignator=R5_U_Gagabiro_supply_maida1
Change Component Designator: OldDesignator=R5_U_Gagabiro_supply_maida1 NewDesignator=R5_U_Gagabiro_supply_maida2
Change Component Designator: OldDesignator=R6 NewDesignator=R6_U_Gagabiro_supply_maida1
Change Component Designator: OldDesignator=R6_U_Gagabiro_supply_maida1 NewDesignator=R6_U_Gagabiro_supply_maida2
Change Component Designator: OldDesignator=R7 NewDesignator=R7_U_Gagabiro_supply_maida1
Change Component Designator: OldDesignator=R7_U_Gagabiro_supply_maida1 NewDesignator=R7_U_Gagabiro_supply_maida2
Change Component Designator: OldDesignator=R8 NewDesignator=R8_U_Gagabiro_supply_maida1
Change Component Designator: OldDesignator=R8_U_Gagabiro_supply_maida1 NewDesignator=R8_U_Gagabiro_supply_maida2
Change Component Designator: OldDesignator=R9 NewDesignator=R9_U_Gagabiro_supply_maida1
Change Component Designator: OldDesignator=R9_U_Gagabiro_supply_maida1 NewDesignator=R9_U_Gagabiro_supply_maida2
Change Component Designator: OldDesignator=R10 NewDesignator=R10_U_Gagabiro_supply_maida1
Change Component Designator: OldDesignator=R10_U_Gagabiro_supply_maida1 NewDesignator=R10_U_Gagabiro_supply_maida2
Change Component Designator: OldDesignator=R11 NewDesignator=R11_U_Gagabiro_supply_maida1
Change Component Designator: OldDesignator=R11_U_Gagabiro_supply_maida1 NewDesignator=R11_U_Gagabiro_supply_maida2
Change Component Designator: OldDesignator=R12 NewDesignator=R12_U_Gagabiro_supply_maida1
Change Component Designator: OldDesignator=R12_U_Gagabiro_supply_maida1 NewDesignator=R12_U_Gagabiro_supply_maida2
Change Component Designator: OldDesignator=R13 NewDesignator=R13_U_Gagabiro_supply_maida1
Change Component Designator: OldDesignator=R13_U_Gagabiro_supply_maida1 NewDesignator=R13_U_Gagabiro_supply_maida2
Change Component Designator: OldDesignator=VR1 NewDesignator=VR1_U_Gagabiro_supply_maida1
Change Component Designator: OldDesignator=VR1_U_Gagabiro_supply_maida1 NewDesignator=VR1_U_Gagabiro_supply_maida2
Modified Rule: Name=Schematic Width Constraint
