Change Component Designator: OldDesignator=*_U_Gagabiro_supply_maida1 NewDesignator=*_U_Gagabiro_supply_maida2A
Change Component Designator: OldDesignator=*_U_Gagabiro_supply_maida2 NewDesignator=*_U_Gagabiro_supply_maida2B
Change Component Designator: OldDesignator=C1_U_Gagabiro_supply_maida1 NewDesignator=C1_U_Gagabiro_supply_maida2A
Change Component Designator: OldDesignator=C1_U_Gagabiro_supply_maida2 NewDesignator=C1_U_Gagabiro_supply_maida2B
Change Component Designator: OldDesignator=C2_U_Gagabiro_supply_maida1 NewDesignator=C2_U_Gagabiro_supply_maida2A
Change Component Designator: OldDesignator=C2_U_Gagabiro_supply_maida2 NewDesignator=C2_U_Gagabiro_supply_maida2B
Change Component Designator: OldDesignator=C3_U_Gagabiro_supply_maida1 NewDesignator=C3_U_Gagabiro_supply_maida2A
Change Component Designator: OldDesignator=C3_U_Gagabiro_supply_maida2 NewDesignator=C3_U_Gagabiro_supply_maida2B
Change Component Designator: OldDesignator=C4_U_Gagabiro_supply_maida1 NewDesignator=C4_U_Gagabiro_supply_maida2A
Change Component Designator: OldDesignator=C4_U_Gagabiro_supply_maida2 NewDesignator=C4_U_Gagabiro_supply_maida2B
Change Component Designator: OldDesignator=D1_U_Gagabiro_supply_maida1 NewDesignator=D1_U_Gagabiro_supply_maida2A
Change Component Designator: OldDesignator=D1_U_Gagabiro_supply_maida2 NewDesignator=D1_U_Gagabiro_supply_maida2B
Change Component Designator: OldDesignator=D2_U_Gagabiro_supply_maida1 NewDesignator=D2_U_Gagabiro_supply_maida2A
Change Component Designator: OldDesignator=D2_U_Gagabiro_supply_maida2 NewDesignator=D2_U_Gagabiro_supply_maida2B
Change Component Designator: OldDesignator=Q1_U_Gagabiro_supply_maida1 NewDesignator=Q1_U_Gagabiro_supply_maida2A
Change Component Designator: OldDesignator=Q1_U_Gagabiro_supply_maida2 NewDesignator=Q1_U_Gagabiro_supply_maida2B
Change Component Designator: OldDesignator=Q2_U_Gagabiro_supply_maida1 NewDesignator=Q2_U_Gagabiro_supply_maida2A
Change Component Designator: OldDesignator=Q2_U_Gagabiro_supply_maida2 NewDesignator=Q2_U_Gagabiro_supply_maida2B
Change Component Designator: OldDesignator=R1_U_Gagabiro_supply_maida1 NewDesignator=R1_U_Gagabiro_supply_maida2A
Change Component Designator: OldDesignator=R1_U_Gagabiro_supply_maida2 NewDesignator=R1_U_Gagabiro_supply_maida2B
Change Component Designator: OldDesignator=R2_U_Gagabiro_supply_maida1 NewDesignator=R2_U_Gagabiro_supply_maida2A
Change Component Designator: OldDesignator=R2_U_Gagabiro_supply_maida2 NewDesignator=R2_U_Gagabiro_supply_maida2B
Change Component Designator: OldDesignator=R3_U_Gagabiro_supply_maida1 NewDesignator=R3_U_Gagabiro_supply_maida2A
Change Component Designator: OldDesignator=R3_U_Gagabiro_supply_maida2 NewDesignator=R3_U_Gagabiro_supply_maida2B
Change Component Designator: OldDesignator=R4_U_Gagabiro_supply_maida1 NewDesignator=R4_U_Gagabiro_supply_maida2A
Change Component Designator: OldDesignator=R4_U_Gagabiro_supply_maida2 NewDesignator=R4_U_Gagabiro_supply_maida2B
Change Component Designator: OldDesignator=R5_U_Gagabiro_supply_maida1 NewDesignator=R5_U_Gagabiro_supply_maida2A
Change Component Designator: OldDesignator=R5_U_Gagabiro_supply_maida2 NewDesignator=R5_U_Gagabiro_supply_maida2B
Change Component Designator: OldDesignator=R6_U_Gagabiro_supply_maida1 NewDesignator=R6_U_Gagabiro_supply_maida2A
Change Component Designator: OldDesignator=R6_U_Gagabiro_supply_maida2 NewDesignator=R6_U_Gagabiro_supply_maida2B
Change Component Designator: OldDesignator=R7_U_Gagabiro_supply_maida1 NewDesignator=R7_U_Gagabiro_supply_maida2A
Change Component Designator: OldDesignator=R7_U_Gagabiro_supply_maida2 NewDesignator=R7_U_Gagabiro_supply_maida2B
Change Component Designator: OldDesignator=R8_U_Gagabiro_supply_maida1 NewDesignator=R8_U_Gagabiro_supply_maida2A
Change Component Designator: OldDesignator=R8_U_Gagabiro_supply_maida2 NewDesignator=R8_U_Gagabiro_supply_maida2B
Change Component Designator: OldDesignator=R9_U_Gagabiro_supply_maida1 NewDesignator=R9_U_Gagabiro_supply_maida2A
Change Component Designator: OldDesignator=R9_U_Gagabiro_supply_maida2 NewDesignator=R9_U_Gagabiro_supply_maida2B
Change Component Designator: OldDesignator=R10_U_Gagabiro_supply_maida1 NewDesignator=R10_U_Gagabiro_supply_maida2A
Change Component Designator: OldDesignator=R10_U_Gagabiro_supply_maida2 NewDesignator=R10_U_Gagabiro_supply_maida2B
Change Component Designator: OldDesignator=R11_U_Gagabiro_supply_maida1 NewDesignator=R11_U_Gagabiro_supply_maida2A
Change Component Designator: OldDesignator=R11_U_Gagabiro_supply_maida2 NewDesignator=R11_U_Gagabiro_supply_maida2B
Change Component Designator: OldDesignator=R12_U_Gagabiro_supply_maida1 NewDesignator=R12_U_Gagabiro_supply_maida2A
Change Component Designator: OldDesignator=R12_U_Gagabiro_supply_maida2 NewDesignator=R12_U_Gagabiro_supply_maida2B
Change Component Designator: OldDesignator=R13_U_Gagabiro_supply_maida1 NewDesignator=R13_U_Gagabiro_supply_maida2A
Change Component Designator: OldDesignator=R13_U_Gagabiro_supply_maida2 NewDesignator=R13_U_Gagabiro_supply_maida2B
Change Component Designator: OldDesignator=VR1_U_Gagabiro_supply_maida1 NewDesignator=VR1_U_Gagabiro_supply_maida2A
Change Component Designator: OldDesignator=VR1_U_Gagabiro_supply_maida2 NewDesignator=VR1_U_Gagabiro_supply_maida2B
Change Net Name : Old Net Name=Net*_U_Gagabiro_supply_maida1_2 New Net Name=Net*_U_Gagabiro_supply_maida2A_2
Change Net Name : Old Net Name=Net*_U_Gagabiro_supply_maida1_3 New Net Name=Net*_U_Gagabiro_supply_maida2A_3
Change Net Name : Old Net Name=Net*_U_Gagabiro_supply_maida2_2 New Net Name=Net*_U_Gagabiro_supply_maida2B_2
Change Net Name : Old Net Name=Net*_U_Gagabiro_supply_maida2_3 New Net Name=Net*_U_Gagabiro_supply_maida2B_3
Change Net Name : Old Net Name=NetC1_U_Gagabiro_supply_maida1_2 New Net Name=NetC1_U_Gagabiro_supply_maida2A_2
Change Net Name : Old Net Name=NetC1_U_Gagabiro_supply_maida2_2 New Net Name=NetC1_U_Gagabiro_supply_maida2B_2
Change Net Name : Old Net Name=NetC2_U_Gagabiro_supply_maida1_2 New Net Name=NetC2_U_Gagabiro_supply_maida2A_2
Change Net Name : Old Net Name=NetC2_U_Gagabiro_supply_maida2_2 New Net Name=NetC2_U_Gagabiro_supply_maida2B_2
Change Net Name : Old Net Name=NetD1_U_Gagabiro_supply_maida1_1 New Net Name=NetD1_U_Gagabiro_supply_maida2A_1
Change Net Name : Old Net Name=NetD1_U_Gagabiro_supply_maida2_1 New Net Name=NetD1_U_Gagabiro_supply_maida2B_1
Change Net Name : Old Net Name=NetQ1_U_Gagabiro_supply_maida1_3 New Net Name=NetQ1_U_Gagabiro_supply_maida2A_3
Change Net Name : Old Net Name=NetQ1_U_Gagabiro_supply_maida2_3 New Net Name=NetQ1_U_Gagabiro_supply_maida2B_3
Change Net Name : Old Net Name=NetQ2_U_Gagabiro_supply_maida1_3 New Net Name=NetQ2_U_Gagabiro_supply_maida2A_3
Change Net Name : Old Net Name=NetQ2_U_Gagabiro_supply_maida2_3 New Net Name=NetQ2_U_Gagabiro_supply_maida2B_3
Change Net Name : Old Net Name=NetR3_U_Gagabiro_supply_maida1_1 New Net Name=NetR3_U_Gagabiro_supply_maida2A_1
Change Net Name : Old Net Name=NetR3_U_Gagabiro_supply_maida2_1 New Net Name=NetR3_U_Gagabiro_supply_maida2B_1
Change Net Name : Old Net Name=NetR8_U_Gagabiro_supply_maida1_1 New Net Name=NetR8_U_Gagabiro_supply_maida2A_1
Change Net Name : Old Net Name=NetR8_U_Gagabiro_supply_maida2_1 New Net Name=NetR8_U_Gagabiro_supply_maida2B_1
